{"logTime": "0203/125546", "correlationVector":"qI/ZTYLfZRtjRr8P3cmZNx.141","action":"GetUpdates", "result":"DeleteReceived", "context":{"id":"b2d6fa3a-7bd9-45fe-8778-8a491b248dce", "isDeleted:":"true", "version":"1738370487711"}}
{"logTime": "0203/125546", "correlationVector":"qI/ZTYLfZRtjRr8P3cmZNx.142","action":"GetUpdates", "result":"DeleteReceived", "context":{"id":"826dbb42-4df9-4bd1-9aee-bbd0264f552e", "isDeleted:":"true", "version":"1738370487712"}}
{"logTime": "0203/125546", "correlationVector":"qI/ZTYLfZRtjRr8P3cmZNx.143","action":"GetUpdates", "result":"DeleteReceived", "context":{"id":"998068d4-6f75-4815-9788-7b3e0994b9fe", "isDeleted:":"true", "version":"1738370487713"}}
{"logTime": "0203/125546", "correlationVector":"qI/ZTYLfZRtjRr8P3cmZNx.144","action":"GetUpdates", "result":"DeleteReceived", "context":{"id":"a36ab895-9386-4f85-a299-f8e6bf60dba6", "isDeleted:":"true", "version":"1738370487715"}}
{"logTime": "0203/125546", "correlationVector":"qI/ZTYLfZRtjRr8P3cmZNx.145","action":"GetUpdates", "result":"DeleteReceived", "context":{"id":"e4287a41-1a02-4aa7-90aa-2d4ca4362da9", "isDeleted:":"true", "version":"1738372406260"}}
{"logTime": "0203/125546", "correlationVector":"qI/ZTYLfZRtjRr8P3cmZNx.146","action":"GetUpdates", "result":"DeleteReceived", "context":{"id":"01a0e942-9f0d-4132-a8f1-c1dd2e97c423", "isDeleted:":"true", "version":"1738372467787"}}
{"logTime": "0203/125546", "correlationVector":"qI/ZTYLfZRtjRr8P3cmZNx.147","action":"GetUpdates", "result":"DeleteReceived", "context":{"id":"819bab4e-8d7d-4c65-b821-4c880b7bf9db", "isDeleted:":"true", "version":"1738372467788"}}
{"logTime": "0203/125546", "correlationVector":"qI/ZTYLfZRtjRr8P3cmZNx.148","action":"GetUpdates", "result":"DeleteReceived", "context":{"id":"e9105ab6-14ff-449b-8ba5-97fd1f23a0d0", "isDeleted:":"true", "version":"1738405642616"}}
{"logTime": "0203/125546", "correlationVector":"qI/ZTYLfZRtjRr8P3cmZNx.149","action":"GetUpdates", "result":"DeleteReceived", "context":{"id":"2876ecb4-d2f2-4723-9f25-fb9be054bd77", "isDeleted:":"true", "version":"1738405794139"}}
{"logTime": "0203/125546", "correlationVector":"qI/ZTYLfZRtjRr8P3cmZNx.150","action":"GetUpdates", "result":"DeleteReceived", "context":{"id":"37adc304-f5be-4716-b988-01bb3de3cb13", "isDeleted:":"true", "version":"1738405794142"}}
{"logTime": "0203/125546", "correlationVector":"qI/ZTYLfZRtjRr8P3cmZNx.151","action":"GetUpdates", "result":"DeleteReceived", "context":{"id":"7b498966-0645-4d3a-a05e-95f445ab655a", "isDeleted:":"true", "version":"1738406311391"}}
{"logTime": "0203/125546", "correlationVector":"qI/ZTYLfZRtjRr8P3cmZNx.152","action":"GetUpdates", "result":"DeleteReceived", "context":{"id":"a7777133-94f6-4b61-ba70-e52e6a24b37b", "isDeleted:":"true", "version":"1738407163912"}}
{"logTime": "0203/125546", "correlationVector":"qI/ZTYLfZRtjRr8P3cmZNx.153","action":"GetUpdates", "result":"DeleteReceived", "context":{"id":"fbd0d708-175d-4077-a357-9e9994c036bb", "isDeleted:":"true", "version":"1738413390800"}}
{"logTime": "0203/125546", "correlationVector":"qI/ZTYLfZRtjRr8P3cmZNx.154","action":"GetUpdates", "result":"DeleteReceived", "context":{"id":"d3e1b984-677c-475f-b0ef-2e43fa28ca55", "isDeleted:":"true", "version":"1738413390801"}}
{"logTime": "0203/125546", "correlationVector":"qI/ZTYLfZRtjRr8P3cmZNx.155","action":"GetUpdates", "result":"DeleteReceived", "context":{"id":"f9238b4f-b417-4805-8efd-69b65025b704", "isDeleted:":"true", "version":"1738413668507"}}
{"logTime": "0203/125546", "correlationVector":"qI/ZTYLfZRtjRr8P3cmZNx.156","action":"GetUpdates", "result":"DeleteReceived", "context":{"id":"249ee06e-4fde-4b88-a85f-e9ee443ad020", "isDeleted:":"true", "version":"1738413668510"}}
{"logTime": "0203/125546", "correlationVector":"qI/ZTYLfZRtjRr8P3cmZNx.157","action":"GetUpdates", "result":"DeleteReceived", "context":{"id":"ce28fd2f-42bf-443f-af68-d227c8deaabb", "isDeleted:":"true", "version":"1738413692632"}}
{"logTime": "0203/125546", "correlationVector":"qI/ZTYLfZRtjRr8P3cmZNx.158","action":"GetUpdates", "result":"DeleteReceived", "context":{"id":"77be2586-e72d-47b0-945d-8b5ac0709c65", "isDeleted:":"true", "version":"1738415808664"}}
{"logTime": "0203/125546", "correlationVector":"qI/ZTYLfZRtjRr8P3cmZNx.159","action":"GetUpdates", "result":"DeleteReceived", "context":{"id":"70b60ee2-c8dc-473d-b421-cbc5a0683f23", "isDeleted:":"true", "version":"1738415808667"}}
{"logTime": "0203/125546", "correlationVector":"qI/ZTYLfZRtjRr8P3cmZNx.160","action":"GetUpdates", "result":"DeleteReceived", "context":{"id":"e5ff7359-485e-458f-afeb-5a97431cfff0", "isDeleted:":"true", "version":"1738415808668"}}
{"logTime": "0203/125546", "correlationVector":"qI/ZTYLfZRtjRr8P3cmZNx.161","action":"GetUpdates", "result":"DeleteReceived", "context":{"id":"49adec76-b129-4915-a6d1-193c1c4a1bfe", "isDeleted:":"true", "version":"1738415983494"}}
{"logTime": "0203/125546", "correlationVector":"qI/ZTYLfZRtjRr8P3cmZNx.162","action":"GetUpdates", "result":"DeleteReceived", "context":{"id":"641a33b9-1593-464c-9115-0ea1e5b34d14", "isDeleted:":"true", "version":"1738415983495"}}
{"logTime": "0203/125546", "correlationVector":"qI/ZTYLfZRtjRr8P3cmZNx.163","action":"GetUpdates", "result":"DeleteReceived", "context":{"id":"6b2042bd-fd16-4aa2-a0f4-530fafdb317e", "isDeleted:":"true", "version":"1738422081535"}}
{"logTime": "0203/125546", "correlationVector":"qI/ZTYLfZRtjRr8P3cmZNx.164","action":"GetUpdates", "result":"DeleteReceived", "context":{"id":"42c1deac-168c-4271-99cc-f28362e84311", "isDeleted:":"true", "version":"1738422081536"}}
{"logTime": "0203/125546", "correlationVector":"qI/ZTYLfZRtjRr8P3cmZNx.165","action":"GetUpdates", "result":"DeleteReceived", "context":{"id":"62363a83-81f2-47ef-94f9-0096c4d7bb7c", "isDeleted:":"true", "version":"1738422409049"}}
{"logTime": "0203/125546", "correlationVector":"qI/ZTYLfZRtjRr8P3cmZNx.166","action":"GetUpdates", "result":"DeleteReceived", "context":{"id":"8d6033a9-965b-432c-b6f7-a4a9009e61eb", "isDeleted:":"true", "version":"1738422409050"}}
{"logTime": "0203/125546", "correlationVector":"qI/ZTYLfZRtjRr8P3cmZNx.167","action":"GetUpdates", "result":"DeleteReceived", "context":{"id":"eb866a32-4f69-4c20-8f23-4afaa0c49956", "isDeleted:":"true", "version":"1738422409051"}}
{"logTime": "0203/125546", "correlationVector":"qI/ZTYLfZRtjRr8P3cmZNx.168","action":"GetUpdates", "result":"DeleteReceived", "context":{"id":"85b91337-ef09-4adc-9ce5-58b47d5a1fc6", "isDeleted:":"true", "version":"1738422709301"}}
{"logTime": "0203/125546", "correlationVector":"qI/ZTYLfZRtjRr8P3cmZNx.169","action":"GetUpdates", "result":"DeleteReceived", "context":{"id":"a7d8be97-6c87-47e4-9cef-696279749de1", "isDeleted:":"true", "version":"1738423972498"}}
{"logTime": "0203/125546", "correlationVector":"qI/ZTYLfZRtjRr8P3cmZNx.170","action":"GetUpdates", "result":"DeleteReceived", "context":{"id":"6dc34446-a8cc-4aba-9a36-81388fade38a", "isDeleted:":"true", "version":"1738423987435"}}
{"logTime": "0203/125546", "correlationVector":"qI/ZTYLfZRtjRr8P3cmZNx.171","action":"GetUpdates", "result":"DeleteReceived", "context":{"id":"412a1138-cb22-44a2-8060-fff8320e69fc", "isDeleted:":"true", "version":"1738426104972"}}
{"logTime": "0203/125546", "correlationVector":"qI/ZTYLfZRtjRr8P3cmZNx.172","action":"GetUpdates", "result":"DeleteReceived", "context":{"id":"7253b252-f4e8-480c-8f48-01e66ca75de7", "isDeleted:":"true", "version":"1738426593173"}}
{"logTime": "0203/125546", "correlationVector":"qI/ZTYLfZRtjRr8P3cmZNx.173","action":"GetUpdates", "result":"DeleteReceived", "context":{"id":"d4ac2251-9c52-43e5-856c-773570145cb6", "isDeleted:":"true", "version":"1738426593174"}}
{"logTime": "0203/125546", "correlationVector":"qI/ZTYLfZRtjRr8P3cmZNx.174","action":"GetUpdates", "result":"DeleteReceived", "context":{"id":"0660f4e0-38af-44c7-b3f2-f2119e83d8de", "isDeleted:":"true", "version":"1738429171592"}}
{"logTime": "0203/125546", "correlationVector":"qI/ZTYLfZRtjRr8P3cmZNx.175","action":"GetUpdates", "result":"DeleteReceived", "context":{"id":"bf4f02b7-5a99-42bd-9645-cef708d4a812", "isDeleted:":"true", "version":"1738429171594"}}
{"logTime": "0203/125546", "correlationVector":"qI/ZTYLfZRtjRr8P3cmZNx.176","action":"GetUpdates", "result":"DeleteReceived", "context":{"id":"5e09e750-480c-4586-a094-b446dde32ba7", "isDeleted:":"true", "version":"1738431696087"}}
{"logTime": "0203/125546", "correlationVector":"qI/ZTYLfZRtjRr8P3cmZNx.177","action":"GetUpdates", "result":"DeleteReceived", "context":{"id":"0211c687-9a4a-45be-963a-492cfb55e786", "isDeleted:":"true", "version":"1738443326272"}}
{"logTime": "0203/125546", "correlationVector":"qI/ZTYLfZRtjRr8P3cmZNx.178","action":"GetUpdates", "result":"DeleteReceived", "context":{"id":"2ecd0ae5-30a9-40de-baa5-7c65e669d346", "isDeleted:":"true", "version":"1738443440172"}}
{"logTime": "0203/125546", "correlationVector":"qI/ZTYLfZRtjRr8P3cmZNx.179","action":"GetUpdates", "result":"DeleteReceived", "context":{"id":"24c739d4-3c75-44c5-b534-e667227860c5", "isDeleted:":"true", "version":"1738446086484"}}
{"logTime": "0203/125546", "correlationVector":"qI/ZTYLfZRtjRr8P3cmZNx.180","action":"GetUpdates", "result":"DeleteReceived", "context":{"id":"a64dfa01-ffa1-4f61-a95b-f98ec2b5c4d0", "isDeleted:":"true", "version":"1738446086485"}}
{"logTime": "0203/125546", "correlationVector":"qI/ZTYLfZRtjRr8P3cmZNx.181","action":"GetUpdates", "result":"DeleteReceived", "context":{"id":"81dd394c-4054-4c5f-a061-f5c67852ca44", "isDeleted:":"true", "version":"1738446086488"}}
{"logTime": "0203/125546", "correlationVector":"qI/ZTYLfZRtjRr8P3cmZNx.182","action":"GetUpdates", "result":"DeleteReceived", "context":{"id":"8713313e-9bc1-4f24-a284-033b1f083e6a", "isDeleted:":"true", "version":"1738446086489"}}
{"logTime": "0203/125546", "correlationVector":"qI/ZTYLfZRtjRr8P3cmZNx.183","action":"GetUpdates", "result":"DeleteReceived", "context":{"id":"8e5bc5fc-44f5-4147-9963-1987af0c0a50", "isDeleted:":"true", "version":"1738446086490"}}
{"logTime": "0203/125546", "correlationVector":"qI/ZTYLfZRtjRr8P3cmZNx.184","action":"GetUpdates", "result":"DeleteReceived", "context":{"id":"023127f4-fda2-4e50-a702-908d820e1547", "isDeleted:":"true", "version":"1738446086491"}}
{"logTime": "0203/125546", "correlationVector":"qI/ZTYLfZRtjRr8P3cmZNx.185","action":"GetUpdates", "result":"DeleteReceived", "context":{"id":"dadce24b-7d02-4b4e-8b68-201b01454422", "isDeleted:":"true", "version":"1738446086492"}}
{"logTime": "0203/125546", "correlationVector":"qI/ZTYLfZRtjRr8P3cmZNx.186","action":"GetUpdates", "result":"DeleteReceived", "context":{"id":"de481836-7462-4125-93ab-a10c9155444f", "isDeleted:":"true", "version":"1738446086493"}}
{"logTime": "0203/125546", "correlationVector":"qI/ZTYLfZRtjRr8P3cmZNx.187","action":"GetUpdates", "result":"DeleteReceived", "context":{"id":"149c772d-ac5c-47fd-9845-51fedecd2791", "isDeleted:":"true", "version":"1738446086494"}}
{"logTime": "0203/125546", "correlationVector":"qI/ZTYLfZRtjRr8P3cmZNx.188","action":"GetUpdates", "result":"DeleteReceived", "context":{"id":"85674677-a125-4080-81d0-53a02985d02d", "isDeleted:":"true", "version":"1738446086495"}}
{"logTime": "0203/125546", "correlationVector":"qI/ZTYLfZRtjRr8P3cmZNx.189","action":"GetUpdates", "result":"DeleteReceived", "context":{"id":"429e1d90-32db-44e2-8d42-731fdd72815c", "isDeleted:":"true", "version":"1738446086496"}}
{"logTime": "0203/125546", "correlationVector":"qI/ZTYLfZRtjRr8P3cmZNx.190","action":"GetUpdates", "result":"DeleteReceived", "context":{"id":"5ee177d1-38e5-4eb1-9563-36df40c98294", "isDeleted:":"true", "version":"1738446086497"}}
{"logTime": "0203/125546", "correlationVector":"qI/ZTYLfZRtjRr8P3cmZNx.191","action":"GetUpdates", "result":"DeleteReceived", "context":{"id":"1a00a420-8298-425d-9ed9-5e87aa098060", "isDeleted:":"true", "version":"1738449623216"}}
{"logTime": "0203/125546", "correlationVector":"qI/ZTYLfZRtjRr8P3cmZNx.192","action":"GetUpdates", "result":"DeleteReceived", "context":{"id":"44c425f4-f52c-44d5-a7d5-99a0994b40d8", "isDeleted:":"true", "version":"1738449623218"}}
{"logTime": "0203/125546", "correlationVector":"qI/ZTYLfZRtjRr8P3cmZNx.193","action":"GetUpdates", "result":"DeleteReceived", "context":{"id":"df3b6b68-3d21-46b9-b0df-4e1769cec4bf", "isDeleted:":"true", "version":"1738449623220"}}
{"logTime": "0203/125546", "correlationVector":"qI/ZTYLfZRtjRr8P3cmZNx.194","action":"GetUpdates", "result":"DeleteReceived", "context":{"id":"05dd1629-a699-4586-8b32-b06422d622e7", "isDeleted:":"true", "version":"1738449623221"}}
{"logTime": "0203/125546", "correlationVector":"qI/ZTYLfZRtjRr8P3cmZNx.195","action":"GetUpdates", "result":"DeleteReceived", "context":{"id":"5d8378af-ad7a-4aa2-8576-e440299081ae", "isDeleted:":"true", "version":"1738449623223"}}
{"logTime": "0203/125546", "correlationVector":"qI/ZTYLfZRtjRr8P3cmZNx.196","action":"GetUpdates", "result":"DeleteReceived", "context":{"id":"65779983-5d62-4ffa-9ce9-1a5cb059e736", "isDeleted:":"true", "version":"1738449739788"}}
{"logTime": "0203/125546", "correlationVector":"qI/ZTYLfZRtjRr8P3cmZNx.197","action":"GetUpdates", "result":"DeleteReceived", "context":{"id":"ebc4ce32-ac32-4e76-a4c9-3ae66ced36cd", "isDeleted:":"true", "version":"1738451442373"}}
{"logTime": "0203/125546", "correlationVector":"qI/ZTYLfZRtjRr8P3cmZNx.198","action":"GetUpdates", "result":"DeleteReceived", "context":{"id":"1c130ee1-530a-4171-8f2f-8a22f50b500a", "isDeleted:":"true", "version":"1738452552119"}}
{"logTime": "0203/125546", "correlationVector":"qI/ZTYLfZRtjRr8P3cmZNx.199","action":"GetUpdates", "result":"DeleteReceived", "context":{"id":"082f8e61-9fc2-4e61-98c8-c4ded12c506a", "isDeleted:":"true", "version":"1738452635638"}}
{"logTime": "0203/125546", "correlationVector":"qI/ZTYLfZRtjRr8P3cmZNx.200","action":"GetUpdates", "result":"DeleteReceived", "context":{"id":"68d4a9d6-6da1-4486-88eb-5b892b63a445", "isDeleted:":"true", "version":"1738452635641"}}
{"logTime": "0203/125546", "correlationVector":"qI/ZTYLfZRtjRr8P3cmZNx.201","action":"GetUpdates", "result":"DeleteReceived", "context":{"id":"18594447-e6be-4b82-bffb-9ba1fe37a04c", "isDeleted:":"true", "version":"1738452635642"}}
{"logTime": "0203/125546", "correlationVector":"qI/ZTYLfZRtjRr8P3cmZNx.202","action":"GetUpdates", "result":"DeleteReceived", "context":{"id":"de93377f-b841-4b71-8155-bbd9cd12fb24", "isDeleted:":"true", "version":"1738453165059"}}
{"logTime": "0203/125546", "correlationVector":"qI/ZTYLfZRtjRr8P3cmZNx.203","action":"GetUpdates", "result":"DeleteReceived", "context":{"id":"5552ecb8-07b5-4cb9-922f-2ec180ecf087", "isDeleted:":"true", "version":"1738453437495"}}
{"logTime": "0203/125546", "correlationVector":"qI/ZTYLfZRtjRr8P3cmZNx.204","action":"GetUpdates", "result":"DeleteReceived", "context":{"id":"266a9f40-dcff-46e6-a301-1b9b603919d2", "isDeleted:":"true", "version":"1738453577219"}}
{"logTime": "0203/125546", "correlationVector":"qI/ZTYLfZRtjRr8P3cmZNx.205","action":"GetUpdates", "result":"DeleteReceived", "context":{"id":"32f91e74-bc29-41a1-b653-9156b7448070", "isDeleted:":"true", "version":"1738453577221"}}
{"logTime": "0203/125546", "correlationVector":"qI/ZTYLfZRtjRr8P3cmZNx.206","action":"GetUpdates", "result":"DeleteReceived", "context":{"id":"f1065289-efde-4c36-bbdb-9a14eac4c6d2", "isDeleted:":"true", "version":"1738453704247"}}
{"logTime": "0203/125546", "correlationVector":"qI/ZTYLfZRtjRr8P3cmZNx.207","action":"GetUpdates", "result":"DeleteReceived", "context":{"id":"2dd8e9cc-4d52-4532-8380-0b950eae629b", "isDeleted:":"true", "version":"1738453704248"}}
{"logTime": "0203/125546", "correlationVector":"qI/ZTYLfZRtjRr8P3cmZNx.208","action":"GetUpdates", "result":"DeleteReceived", "context":{"id":"7a8d49e2-6c03-4d1d-a79b-e8ef30506197", "isDeleted:":"true", "version":"1738453704249"}}
{"logTime": "0203/125546", "correlationVector":"qI/ZTYLfZRtjRr8P3cmZNx.209","action":"GetUpdates", "result":"DeleteReceived", "context":{"id":"b1f3d99b-2695-415c-ab3f-247220c815d8", "isDeleted:":"true", "version":"1738453704251"}}
{"logTime": "0203/125546", "correlationVector":"qI/ZTYLfZRtjRr8P3cmZNx.210","action":"GetUpdates", "result":"DeleteReceived", "context":{"id":"7c990939-045a-4c01-8d95-55e70eda121b", "isDeleted:":"true", "version":"1738453770714"}}
{"logTime": "0203/125546", "correlationVector":"qI/ZTYLfZRtjRr8P3cmZNx.211","action":"GetUpdates", "result":"DeleteReceived", "context":{"id":"0b6ecb6a-2da7-4dd2-acb6-2b6108352900", "isDeleted:":"true", "version":"1738453831959"}}
{"logTime": "0203/125546", "correlationVector":"qI/ZTYLfZRtjRr8P3cmZNx.212","action":"GetUpdates", "result":"DeleteReceived", "context":{"id":"7b5b0d5f-7f33-4928-be25-7ab3043f9b4e", "isDeleted:":"true", "version":"1738267431111"}}
{"logTime": "0203/125546", "correlationVector":"qI/ZTYLfZRtjRr8P3cmZNx.213","action":"GetUpdates Response", "result":"Success", "context":Received 250 update(s). cV=qI/ZTYLfZRtjRr8P3cmZNx.0;server=akswtt004000043;cloudType=Consumer;environment=Prod_francecentral_prod-s01-062-eur-francecentral;migrationStage=Unmigrated Some updates remain.}
{"logTime": "0203/125546", "correlationVector":"GmvEzx19ZimEI2uYtAJyIr","action":"Initial GetUpdates", "result":"", "context":Reason: NEWLY_SUPPORTED_DATATYPE. cV=GmvEzx19ZimEI2uYtAJyIr}
{"logTime": "0203/125546", "correlationVector":"GmvEzx19ZimEI2uYtAJyIr.1","action":"SyncServerConnectionManagerRequest", "result":"SYNC_SERVER_OK", "context":{"environment":"Prod_francecentral_prod-s01-062-eur-francecentral", "migrationStage":"Unmigrated", "server":"akswtt00400004q"}}
{"logTime": "0203/125546", "correlationVector":"GmvEzx19ZimEI2uYtAJyIr.2","action":"GetUpdates", "result":"DeleteReceived", "context":{"id":"1df8fb97-ebf8-406c-b253-9274e17534e1", "isDeleted:":"true", "version":"1738454146188"}}
{"logTime": "0203/125546", "correlationVector":"GmvEzx19ZimEI2uYtAJyIr.3","action":"GetUpdates", "result":"DeleteReceived", "context":{"id":"b1bc29e0-b8b7-4516-8500-dcb7be0fadf5", "isDeleted:":"true", "version":"1738454146189"}}
{"logTime": "0203/125546", "correlationVector":"GmvEzx19ZimEI2uYtAJyIr.4","action":"GetUpdates", "result":"DeleteReceived", "context":{"id":"0f30564b-1996-4413-abb3-1b9650891216", "isDeleted:":"true", "version":"1738454339296"}}
{"logTime": "0203/125546", "correlationVector":"GmvEzx19ZimEI2uYtAJyIr.5","action":"GetUpdates", "result":"DeleteReceived", "context":{"id":"2c69ca3f-8437-4116-a6aa-f2cbfd3d94ed", "isDeleted:":"true", "version":"1738454585647"}}
{"logTime": "0203/125546", "correlationVector":"GmvEzx19ZimEI2uYtAJyIr.6","action":"GetUpdates", "result":"DeleteReceived", "context":{"id":"601abdaa-0602-475e-9f75-9849d9d05a34", "isDeleted:":"true", "version":"1738455103487"}}
{"logTime": "0203/125546", "correlationVector":"GmvEzx19ZimEI2uYtAJyIr.7","action":"GetUpdates", "result":"DeleteReceived", "context":{"id":"7175e3df-1e56-4500-ac35-224d90f28a83", "isDeleted:":"true", "version":"1738456304155"}}
{"logTime": "0203/125546", "correlationVector":"GmvEzx19ZimEI2uYtAJyIr.8","action":"GetUpdates", "result":"DeleteReceived", "context":{"id":"84bd1004-10f6-4b40-999f-1bf59a0fc42a", "isDeleted:":"true", "version":"1738456862505"}}
{"logTime": "0203/125546", "correlationVector":"GmvEzx19ZimEI2uYtAJyIr.9","action":"GetUpdates", "result":"DeleteReceived", "context":{"id":"c9152026-7d6d-4bef-bfdf-9c7d103e2eb4", "isDeleted:":"true", "version":"1738457096569"}}
{"logTime": "0203/125546", "correlationVector":"GmvEzx19ZimEI2uYtAJyIr.10","action":"GetUpdates", "result":"DeleteReceived", "context":{"id":"69f649f4-e62e-49d1-9680-daa6925b3a33", "isDeleted:":"true", "version":"1738457968497"}}
{"logTime": "0203/125546", "correlationVector":"GmvEzx19ZimEI2uYtAJyIr.11","action":"GetUpdates", "result":"DeleteReceived", "context":{"id":"208748f6-3dc4-4411-a600-718bc525b410", "isDeleted:":"true", "version":"1738459565394"}}
{"logTime": "0203/125546", "correlationVector":"GmvEzx19ZimEI2uYtAJyIr.12","action":"GetUpdates", "result":"DeleteReceived", "context":{"id":"505cea23-43b6-4c39-b160-3a382ed2b561", "isDeleted:":"true", "version":"1738460180370"}}
{"logTime": "0203/125546", "correlationVector":"GmvEzx19ZimEI2uYtAJyIr.13","action":"GetUpdates", "result":"DeleteReceived", "context":{"id":"b1f03f11-34e1-4d23-8ec5-0d8c6d6820a8", "isDeleted:":"true", "version":"1738492958843"}}
{"logTime": "0203/125546", "correlationVector":"GmvEzx19ZimEI2uYtAJyIr.14","action":"GetUpdates", "result":"DeleteReceived", "context":{"id":"252cacd8-00f3-4c12-a5e0-8d4198adb67d", "isDeleted:":"true", "version":"1738492958844"}}
{"logTime": "0203/125546", "correlationVector":"GmvEzx19ZimEI2uYtAJyIr.15","action":"GetUpdates", "result":"DeleteReceived", "context":{"id":"07d07b6d-8b5c-4987-b355-c483ed2a0613", "isDeleted:":"true", "version":"1738492958846"}}
{"logTime": "0203/125546", "correlationVector":"GmvEzx19ZimEI2uYtAJyIr.16","action":"GetUpdates", "result":"DeleteReceived", "context":{"id":"d63b4012-2c5d-4f3a-9af9-1fbe3a024918", "isDeleted:":"true", "version":"1738492958847"}}
{"logTime": "0203/125546", "correlationVector":"GmvEzx19ZimEI2uYtAJyIr.17","action":"GetUpdates", "result":"DeleteReceived", "context":{"id":"5ab864d6-4ab7-4449-b044-261ccc15833e", "isDeleted:":"true", "version":"1738492958849"}}
{"logTime": "0203/125546", "correlationVector":"GmvEzx19ZimEI2uYtAJyIr.18","action":"GetUpdates", "result":"DeleteReceived", "context":{"id":"ee4f3bac-2b21-47f6-b95b-517b200aca86", "isDeleted:":"true", "version":"1738492958850"}}
{"logTime": "0203/125546", "correlationVector":"GmvEzx19ZimEI2uYtAJyIr.19","action":"GetUpdates", "result":"DeleteReceived", "context":{"id":"cf1c94ce-9e2e-40ce-ab5c-3221d056863a", "isDeleted:":"true", "version":"1738492958851"}}
{"logTime": "0203/125546", "correlationVector":"GmvEzx19ZimEI2uYtAJyIr.20","action":"GetUpdates", "result":"DeleteReceived", "context":{"id":"3afa9789-fc0c-47e4-85a5-bde1a5a48d06", "isDeleted:":"true", "version":"1738492958852"}}
{"logTime": "0203/125546", "correlationVector":"GmvEzx19ZimEI2uYtAJyIr.21","action":"GetUpdates", "result":"DeleteReceived", "context":{"id":"61269048-9a90-4ef0-a9ce-aabcf7b18976", "isDeleted:":"true", "version":"1738492958853"}}
{"logTime": "0203/125546", "correlationVector":"GmvEzx19ZimEI2uYtAJyIr.22","action":"GetUpdates", "result":"DeleteReceived", "context":{"id":"5da9ac85-9759-436a-8b06-fe8818ac9b74", "isDeleted:":"true", "version":"1738492958854"}}
{"logTime": "0203/125546", "correlationVector":"GmvEzx19ZimEI2uYtAJyIr.23","action":"GetUpdates", "result":"DeleteReceived", "context":{"id":"5819d17b-4d3f-4012-9791-dc2b93da506b", "isDeleted:":"true", "version":"1738503504843"}}
{"logTime": "0203/125546", "correlationVector":"GmvEzx19ZimEI2uYtAJyIr.24","action":"GetUpdates", "result":"DeleteReceived", "context":{"id":"a2d1415c-8644-4ed0-8430-ae6574e4823a", "isDeleted:":"true", "version":"1738504913480"}}
{"logTime": "0203/125546", "correlationVector":"GmvEzx19ZimEI2uYtAJyIr.25","action":"GetUpdates", "result":"DeleteReceived", "context":{"id":"3fc7d3bc-c434-4283-958c-0c8c4e5f683a", "isDeleted:":"true", "version":"1738515683807"}}
{"logTime": "0203/125546", "correlationVector":"GmvEzx19ZimEI2uYtAJyIr.26","action":"GetUpdates", "result":"DeleteReceived", "context":{"id":"ea79b5ee-4dc8-4186-8748-8899868c8842", "isDeleted:":"true", "version":"1738515683808"}}
{"logTime": "0203/125546", "correlationVector":"GmvEzx19ZimEI2uYtAJyIr.27","action":"GetUpdates", "result":"DeleteReceived", "context":{"id":"312b359c-f71d-4da5-ae15-677d8dea0054", "isDeleted:":"true", "version":"1738515683809"}}
{"logTime": "0203/125546", "correlationVector":"GmvEzx19ZimEI2uYtAJyIr.28","action":"GetUpdates", "result":"DeleteReceived", "context":{"id":"d68a58fe-0cf6-4d0e-8017-aaa6dbf5f4e5", "isDeleted:":"true", "version":"1738515683810"}}
{"logTime": "0203/125546", "correlationVector":"GmvEzx19ZimEI2uYtAJyIr.29","action":"GetUpdates", "result":"DeleteReceived", "context":{"id":"078ae407-a57e-4177-9a70-106fdae5fcde", "isDeleted:":"true", "version":"1738515683811"}}
{"logTime": "0203/125546", "correlationVector":"GmvEzx19ZimEI2uYtAJyIr.30","action":"GetUpdates", "result":"DeleteReceived", "context":{"id":"197409a1-740e-4f0a-93e7-230b128939ce", "isDeleted:":"true", "version":"1738515683812"}}
{"logTime": "0203/125546", "correlationVector":"GmvEzx19ZimEI2uYtAJyIr.31","action":"GetUpdates", "result":"DeleteReceived", "context":{"id":"b94f024f-223b-478e-9008-9028d931d61e", "isDeleted:":"true", "version":"1738517400842"}}
{"logTime": "0203/125546", "correlationVector":"GmvEzx19ZimEI2uYtAJyIr.32","action":"GetUpdates", "result":"DeleteReceived", "context":{"id":"8096cf38-7daf-42fa-8914-ef3891ae52f1", "isDeleted:":"true", "version":"1738517504221"}}
{"logTime": "0203/125546", "correlationVector":"GmvEzx19ZimEI2uYtAJyIr.33","action":"GetUpdates", "result":"DeleteReceived", "context":{"id":"94c44f00-ebcf-4ef6-a122-38b1ac70e6a7", "isDeleted:":"true", "version":"1738518699543"}}
{"logTime": "0203/125546", "correlationVector":"GmvEzx19ZimEI2uYtAJyIr.34","action":"GetUpdates", "result":"DeleteReceived", "context":{"id":"a0254d8d-77f2-4a37-b65b-fc4b6fd7e468", "isDeleted:":"true", "version":"1738518871387"}}
{"logTime": "0203/125546", "correlationVector":"GmvEzx19ZimEI2uYtAJyIr.35","action":"GetUpdates", "result":"DeleteReceived", "context":{"id":"b963c4b0-972d-4bd1-a04d-ba1081f2708c", "isDeleted:":"true", "version":"1738519640653"}}
{"logTime": "0203/125546", "correlationVector":"GmvEzx19ZimEI2uYtAJyIr.36","action":"GetUpdates", "result":"DeleteReceived", "context":{"id":"5370924b-afe3-423f-9509-dc8bffaea937", "isDeleted:":"true", "version":"1738520521378"}}
{"logTime": "0203/125546", "correlationVector":"GmvEzx19ZimEI2uYtAJyIr.37","action":"GetUpdates", "result":"DeleteReceived", "context":{"id":"421ed4b7-ac60-41fc-8a29-d5919a1fc74a", "isDeleted:":"true", "version":"1738520521381"}}
{"logTime": "0203/125546", "correlationVector":"GmvEzx19ZimEI2uYtAJyIr.38","action":"GetUpdates", "result":"DeleteReceived", "context":{"id":"bb046457-4441-460a-8143-c601e815b686", "isDeleted:":"true", "version":"1738522052338"}}
{"logTime": "0203/125546", "correlationVector":"GmvEzx19ZimEI2uYtAJyIr.39","action":"GetUpdates", "result":"DeleteReceived", "context":{"id":"c957cb1c-9b28-4486-8a8b-d80c749bf3b6", "isDeleted:":"true", "version":"1738522374692"}}
{"logTime": "0203/125546", "correlationVector":"GmvEzx19ZimEI2uYtAJyIr.40","action":"GetUpdates", "result":"DeleteReceived", "context":{"id":"b1a3cbc3-9f6f-4c48-8891-c92b607a6c45", "isDeleted:":"true", "version":"1738535749043"}}
{"logTime": "0203/125546", "correlationVector":"GmvEzx19ZimEI2uYtAJyIr.41","action":"GetUpdates", "result":"DeleteReceived", "context":{"id":"8745b2ee-323c-44a1-a183-16da161962c7", "isDeleted:":"true", "version":"1738537589215"}}
{"logTime": "0203/125546", "correlationVector":"GmvEzx19ZimEI2uYtAJyIr.42","action":"GetUpdates", "result":"DeleteReceived", "context":{"id":"88dd44eb-cd6c-4259-97ed-b8b9ec20039a", "isDeleted:":"true", "version":"1738537823309"}}
{"logTime": "0203/125546", "correlationVector":"GmvEzx19ZimEI2uYtAJyIr.43","action":"GetUpdates", "result":"DeleteReceived", "context":{"id":"e77a62ce-6fe4-4255-8387-3082d276313a", "isDeleted:":"true", "version":"1738540895608"}}
{"logTime": "0203/125546", "correlationVector":"GmvEzx19ZimEI2uYtAJyIr.44","action":"GetUpdates", "result":"DeleteReceived", "context":{"id":"a19ed7a5-afe4-45d1-b8f8-47abd5cf3430", "isDeleted:":"true", "version":"1738540895609"}}
{"logTime": "0203/125546", "correlationVector":"GmvEzx19ZimEI2uYtAJyIr.45","action":"GetUpdates", "result":"DeleteReceived", "context":{"id":"59e5deab-3fa9-403f-adaa-97c8fdccae96", "isDeleted:":"true", "version":"1738540895610"}}
{"logTime": "0203/125546", "correlationVector":"GmvEzx19ZimEI2uYtAJyIr.46","action":"GetUpdates", "result":"DeleteReceived", "context":{"id":"8c00689a-7697-4aed-bf0d-b6edd9264a6d", "isDeleted:":"true", "version":"1738540895611"}}
{"logTime": "0203/125546", "correlationVector":"GmvEzx19ZimEI2uYtAJyIr.47","action":"GetUpdates", "result":"DeleteReceived", "context":{"id":"dbd1a902-af67-4018-9084-56c0cf8639de", "isDeleted:":"true", "version":"1738540895612"}}
{"logTime": "0203/125546", "correlationVector":"GmvEzx19ZimEI2uYtAJyIr.48","action":"GetUpdates", "result":"DeleteReceived", "context":{"id":"72ac3add-5c1b-4731-8c80-97f975b31959", "isDeleted:":"true", "version":"1738540895613"}}
{"logTime": "0203/125546", "correlationVector":"GmvEzx19ZimEI2uYtAJyIr.49","action":"GetUpdates", "result":"DeleteReceived", "context":{"id":"c11c8f67-6604-4c04-8239-731587a02578", "isDeleted:":"true", "version":"1738546960729"}}
{"logTime": "0203/125546", "correlationVector":"GmvEzx19ZimEI2uYtAJyIr.50","action":"GetUpdates", "result":"DeleteReceived", "context":{"id":"1b1cf163-2072-43f6-91af-74fc1cb907ba", "isDeleted:":"true", "version":"1738551098518"}}
{"logTime": "0203/125546", "correlationVector":"GmvEzx19ZimEI2uYtAJyIr.51","action":"GetUpdates", "result":"DeleteReceived", "context":{"id":"135d9b63-7e17-4927-a205-63bbba541fe9", "isDeleted:":"true", "version":"1738551098519"}}
{"logTime": "0203/125546", "correlationVector":"GmvEzx19ZimEI2uYtAJyIr.52","action":"GetUpdates", "result":"DeleteReceived", "context":{"id":"524824b7-437a-43bd-a2a2-edd3486c8589", "isDeleted:":"true", "version":"1738552380675"}}
{"logTime": "0203/125546", "correlationVector":"GmvEzx19ZimEI2uYtAJyIr.53","action":"GetUpdates", "result":"DeleteReceived", "context":{"id":"3ec7366f-9761-4ad3-b04c-27d6d4c1df1c", "isDeleted:":"true", "version":"1738552380678"}}
{"logTime": "0203/125546", "correlationVector":"GmvEzx19ZimEI2uYtAJyIr.54","action":"GetUpdates", "result":"DeleteReceived", "context":{"id":"c8f4eadd-6c72-4eae-b935-e328e5bfcded", "isDeleted:":"true", "version":"1738552442591"}}
{"logTime": "0203/125546", "correlationVector":"GmvEzx19ZimEI2uYtAJyIr.55","action":"GetUpdates", "result":"DeleteReceived", "context":{"id":"8b742bef-b0a3-40f4-a5c6-6e1f685b9db9", "isDeleted:":"true", "version":"1738552442592"}}
{"logTime": "0203/125546", "correlationVector":"GmvEzx19ZimEI2uYtAJyIr.56","action":"GetUpdates", "result":"DeleteReceived", "context":{"id":"10982d65-bb48-4859-8811-3955f131540c", "isDeleted:":"true", "version":"1738552442593"}}
{"logTime": "0203/125546", "correlationVector":"GmvEzx19ZimEI2uYtAJyIr.57","action":"GetUpdates", "result":"DeleteReceived", "context":{"id":"b2c99f42-6842-4bad-bdc5-7a66a503f092", "isDeleted:":"true", "version":"1738554614708"}}
{"logTime": "0203/125546", "correlationVector":"GmvEzx19ZimEI2uYtAJyIr.58","action":"GetUpdates", "result":"DeleteReceived", "context":{"id":"bb26f766-4cb7-4cca-b3da-cbd83d734fea", "isDeleted:":"true", "version":"1738554614709"}}
{"logTime": "0203/125546", "correlationVector":"GmvEzx19ZimEI2uYtAJyIr.59","action":"GetUpdates", "result":"DeleteReceived", "context":{"id":"a443201a-c56f-4a99-b8e8-7dcd3a368e19", "isDeleted:":"true", "version":"1738554964717"}}
{"logTime": "0203/125546", "correlationVector":"GmvEzx19ZimEI2uYtAJyIr.60","action":"GetUpdates", "result":"DeleteReceived", "context":{"id":"f4630aa1-5976-4944-96fb-e9341e92ab9d", "isDeleted:":"true", "version":"1738580636519"}}
{"logTime": "0203/125546", "correlationVector":"GmvEzx19ZimEI2uYtAJyIr.61","action":"GetUpdates", "result":"DeleteReceived", "context":{"id":"d507ef31-3b0b-46f2-8899-25a8933bbb44", "isDeleted:":"true", "version":"1738580636520"}}
{"logTime": "0203/125546", "correlationVector":"GmvEzx19ZimEI2uYtAJyIr.62","action":"GetUpdates", "result":"DeleteReceived", "context":{"id":"ae1467f3-1537-4558-9d55-bec337cf985e", "isDeleted:":"true", "version":"1738582448670"}}
{"logTime": "0203/125546", "correlationVector":"GmvEzx19ZimEI2uYtAJyIr.63","action":"GetUpdates", "result":"DeleteReceived", "context":{"id":"99fb8a6b-7103-47fa-b7ea-508ef77833b4", "isDeleted:":"true", "version":"1738583378436"}}
{"logTime": "0203/125546", "correlationVector":"GmvEzx19ZimEI2uYtAJyIr.64","action":"GetUpdates", "result":"DeleteReceived", "context":{"id":"f194a4bb-03f3-4054-b98a-839c13e94698", "isDeleted:":"true", "version":"1738583819623"}}
{"logTime": "0203/125546", "correlationVector":"GmvEzx19ZimEI2uYtAJyIr.65","action":"GetUpdates", "result":"DeleteReceived", "context":{"id":"d5d54d21-9a1b-4bb4-9d68-14dafc86e913", "isDeleted:":"true", "version":"1738584261706"}}
{"logTime": "0203/125546", "correlationVector":"GmvEzx19ZimEI2uYtAJyIr.66","action":"GetUpdates", "result":"DeleteReceived", "context":{"id":"bab00c9a-74b4-408c-8f47-71ad0ce20d30", "isDeleted:":"true", "version":"1738584386714"}}
{"logTime": "0203/125546", "correlationVector":"GmvEzx19ZimEI2uYtAJyIr.67","action":"GetUpdates", "result":"DeleteReceived", "context":{"id":"d23cef09-7460-473e-bcb2-78278018161e", "isDeleted:":"true", "version":"1738584506996"}}
{"logTime": "0203/125546", "correlationVector":"GmvEzx19ZimEI2uYtAJyIr.68","action":"GetUpdates", "result":"DeleteReceived", "context":{"id":"7d4c2cd7-2018-477f-bcf6-8552d9c2dc22", "isDeleted:":"true", "version":"1738585328054"}}
{"logTime": "0203/125546", "correlationVector":"GmvEzx19ZimEI2uYtAJyIr.69","action":"GetUpdates", "result":"DeleteReceived", "context":{"id":"6b68f5c5-b2a3-40cc-8b6a-749ea5e6cc15", "isDeleted:":"true", "version":"1738585328055"}}
{"logTime": "0203/125546", "correlationVector":"GmvEzx19ZimEI2uYtAJyIr.70","action":"GetUpdates", "result":"DeleteReceived", "context":{"id":"418d37f1-f466-4037-bfad-90c13fe41bd6", "isDeleted:":"true", "version":"1738587047400"}}
{"logTime": "0203/125546", "correlationVector":"GmvEzx19ZimEI2uYtAJyIr.71","action":"GetUpdates", "result":"DeleteReceived", "context":{"id":"0211796e-a7a4-48c0-8475-e86ed3be8e4c", "isDeleted:":"true", "version":"1738587331166"}}
{"logTime": "0203/125546", "correlationVector":"GmvEzx19ZimEI2uYtAJyIr.72","action":"GetUpdates Response", "result":"Success", "context":Received 88 update(s). cV=GmvEzx19ZimEI2uYtAJyIr.0;server=akswtt00400004q;cloudType=Consumer;environment=Prod_francecentral_prod-s01-062-eur-francecentral;migrationStage=Unmigrated}
{"logTime": "0203/125546", "correlationVector":"vWQ2GPClC5Vwziea6XmESo","action":"Initial GetUpdates", "result":"", "context":Reason: NEWLY_SUPPORTED_DATATYPE. cV=vWQ2GPClC5Vwziea6XmESo}
{"logTime": "0203/125547", "correlationVector":"vWQ2GPClC5Vwziea6XmESo.1","action":"SyncServerConnectionManagerRequest", "result":"SYNC_SERVER_OK", "context":{"environment":"Prod_francecentral_prod-s01-062-eur-francecentral", "migrationStage":"NotStarted", "server":"akswtt004000043"}}
{"logTime": "0203/125547", "correlationVector":"vWQ2GPClC5Vwziea6XmESo.2","action":"GetUpdates Response", "result":"Success", "context":Received 250 update(s). cV=vWQ2GPClC5Vwziea6XmESo.0;server=akswtt004000043;cloudType=Consumer;environment=Prod_francecentral_prod-s01-062-eur-francecentral;migrationStage=NotStarted Some updates remain.}
{"logTime": "0203/125547", "correlationVector":"b4lOKE08zCsA9gIGGVKxQA","action":"Initial GetUpdates", "result":"", "context":Reason: NEWLY_SUPPORTED_DATATYPE. cV=b4lOKE08zCsA9gIGGVKxQA}
{"logTime": "0203/125547", "correlationVector":"b4lOKE08zCsA9gIGGVKxQA.1","action":"SyncServerConnectionManagerRequest", "result":"SYNC_SERVER_OK", "context":{"environment":"Prod_francecentral_prod-s01-062-eur-francecentral", "migrationStage":"NotStarted", "server":"akswtt004000014"}}
{"logTime": "0203/125547", "correlationVector":"b4lOKE08zCsA9gIGGVKxQA.2","action":"GetUpdates Response", "result":"Success", "context":Received 250 update(s). cV=b4lOKE08zCsA9gIGGVKxQA.0;server=akswtt004000014;cloudType=Consumer;environment=Prod_francecentral_prod-s01-062-eur-francecentral;migrationStage=NotStarted Some updates remain.}
{"logTime": "0203/125547", "correlationVector":"DxdJbtOWN5bYbhXVVMCI6e","action":"Initial GetUpdates", "result":"", "context":Reason: NEWLY_SUPPORTED_DATATYPE. cV=DxdJbtOWN5bYbhXVVMCI6e}
{"logTime": "0203/125548", "correlationVector":"DxdJbtOWN5bYbhXVVMCI6e.1","action":"SyncServerConnectionManagerRequest", "result":"SYNC_SERVER_OK", "context":{"environment":"Prod_francecentral_prod-s01-062-eur-francecentral", "migrationStage":"NotStarted", "server":"akswtt004000014"}}
{"logTime": "0203/125548", "correlationVector":"DxdJbtOWN5bYbhXVVMCI6e.2","action":"GetUpdates Response", "result":"Success", "context":Received 250 update(s). cV=DxdJbtOWN5bYbhXVVMCI6e.0;server=akswtt004000014;cloudType=Consumer;environment=Prod_francecentral_prod-s01-062-eur-francecentral;migrationStage=NotStarted Some updates remain.}
{"logTime": "0203/125548", "correlationVector":"b6Wcxz2gajuF6jEk3GnkUM","action":"Initial GetUpdates", "result":"", "context":Reason: NEWLY_SUPPORTED_DATATYPE. cV=b6Wcxz2gajuF6jEk3GnkUM}
{"logTime": "0203/125549", "correlationVector":"b6Wcxz2gajuF6jEk3GnkUM.1","action":"SyncServerConnectionManagerRequest", "result":"SYNC_SERVER_OK", "context":{"environment":"Prod_francecentral_prod-s01-062-eur-francecentral", "migrationStage":"NotStarted", "server":"akswtt004000039"}}
{"logTime": "0203/125549", "correlationVector":"b6Wcxz2gajuF6jEk3GnkUM.2","action":"GetUpdates Response", "result":"Success", "context":Received 250 update(s). cV=b6Wcxz2gajuF6jEk3GnkUM.0;server=akswtt004000039;cloudType=Consumer;environment=Prod_francecentral_prod-s01-062-eur-francecentral;migrationStage=NotStarted Some updates remain.}
{"logTime": "0203/125549", "correlationVector":"zYI8xZkbn/v0oZbXM+epzL","action":"Initial GetUpdates", "result":"", "context":Reason: NEWLY_SUPPORTED_DATATYPE. cV=zYI8xZkbn/v0oZbXM+epzL}
{"logTime": "0203/125550", "correlationVector":"zYI8xZkbn/v0oZbXM+epzL.1","action":"SyncServerConnectionManagerRequest", "result":"SYNC_SERVER_OK", "context":{"environment":"Prod_francecentral_prod-s01-062-eur-francecentral", "migrationStage":"NotStarted", "server":"akswtt00400004c"}}
{"logTime": "0203/125550", "correlationVector":"zYI8xZkbn/v0oZbXM+epzL.2","action":"GetUpdates Response", "result":"Success", "context":Received 250 update(s). cV=zYI8xZkbn/v0oZbXM+epzL.0;server=akswtt00400004c;cloudType=Consumer;environment=Prod_francecentral_prod-s01-062-eur-francecentral;migrationStage=NotStarted Some updates remain.}
{"logTime": "0203/125550", "correlationVector":"BOgoxaU//6J/qBkQPd8sts","action":"Initial GetUpdates", "result":"", "context":Reason: NEWLY_SUPPORTED_DATATYPE. cV=BOgoxaU//6J/qBkQPd8sts}
{"logTime": "0203/125551", "correlationVector":"BOgoxaU//6J/qBkQPd8sts.1","action":"SyncServerConnectionManagerRequest", "result":"SYNC_SERVER_OK", "context":{"environment":"Prod_francecentral_prod-s01-062-eur-francecentral", "migrationStage":"NotStarted", "server":"akswtt00400000c"}}
{"logTime": "0203/125551", "correlationVector":"BOgoxaU//6J/qBkQPd8sts.2","action":"GetUpdates Response", "result":"Success", "context":Received 250 update(s). cV=BOgoxaU//6J/qBkQPd8sts.0;server=akswtt00400000c;cloudType=Consumer;environment=Prod_francecentral_prod-s01-062-eur-francecentral;migrationStage=NotStarted Some updates remain.}
{"logTime": "0203/125551", "correlationVector":"RQeIIizwQW4PGHxk6ilHHJ","action":"Initial GetUpdates", "result":"", "context":Reason: NEWLY_SUPPORTED_DATATYPE. cV=RQeIIizwQW4PGHxk6ilHHJ}
{"logTime": "0203/125551", "correlationVector":"RQeIIizwQW4PGHxk6ilHHJ.1","action":"SyncServerConnectionManagerRequest", "result":"SYNC_SERVER_OK", "context":{"environment":"Prod_francecentral_prod-s01-062-eur-francecentral", "migrationStage":"NotStarted", "server":"akswtt00400004q"}}
{"logTime": "0203/125551", "correlationVector":"RQeIIizwQW4PGHxk6ilHHJ.2","action":"GetUpdates Response", "result":"Success", "context":Received 250 update(s). cV=RQeIIizwQW4PGHxk6ilHHJ.0;server=akswtt00400004q;cloudType=Consumer;environment=Prod_francecentral_prod-s01-062-eur-francecentral;migrationStage=NotStarted Some updates remain.}
{"logTime": "0203/125551", "correlationVector":"QbArLT+aMxkbW2JdiiQFCk","action":"Initial GetUpdates", "result":"", "context":Reason: NEWLY_SUPPORTED_DATATYPE. cV=QbArLT+aMxkbW2JdiiQFCk}
{"logTime": "0203/125552", "correlationVector":"QbArLT+aMxkbW2JdiiQFCk.1","action":"SyncServerConnectionManagerRequest", "result":"SYNC_SERVER_OK", "context":{"environment":"Prod_francecentral_prod-s01-062-eur-francecentral", "migrationStage":"NotStarted", "server":"akswtt00400004c"}}
{"logTime": "0203/125552", "correlationVector":"QbArLT+aMxkbW2JdiiQFCk.2","action":"GetUpdates Response", "result":"Success", "context":Received 250 update(s). cV=QbArLT+aMxkbW2JdiiQFCk.0;server=akswtt00400004c;cloudType=Consumer;environment=Prod_francecentral_prod-s01-062-eur-francecentral;migrationStage=NotStarted Some updates remain.}
{"logTime": "0203/125552", "correlationVector":"IYagIxpSCVLCcvzwKapi+t","action":"Initial GetUpdates", "result":"", "context":Reason: NEWLY_SUPPORTED_DATATYPE. cV=IYagIxpSCVLCcvzwKapi+t}
{"logTime": "0203/125553", "correlationVector":"IYagIxpSCVLCcvzwKapi+t.1","action":"SyncServerConnectionManagerRequest", "result":"SYNC_SERVER_OK", "context":{"environment":"Prod_francecentral_prod-s01-062-eur-francecentral", "migrationStage":"NotStarted", "server":"akswtt004000014"}}
{"logTime": "0203/125553", "correlationVector":"IYagIxpSCVLCcvzwKapi+t.2","action":"GetUpdates Response", "result":"Success", "context":Received 250 update(s). cV=IYagIxpSCVLCcvzwKapi+t.0;server=akswtt004000014;cloudType=Consumer;environment=Prod_francecentral_prod-s01-062-eur-francecentral;migrationStage=NotStarted Some updates remain.}
{"logTime": "0203/125553", "correlationVector":"BM/y/kgDAL50Br0bNk3J0z","action":"Initial GetUpdates", "result":"", "context":Reason: NEWLY_SUPPORTED_DATATYPE. cV=BM/y/kgDAL50Br0bNk3J0z}
{"logTime": "0203/125553", "correlationVector":"BM/y/kgDAL50Br0bNk3J0z.1","action":"SyncServerConnectionManagerRequest", "result":"SYNC_SERVER_OK", "context":{"environment":"Prod_francecentral_prod-s01-062-eur-francecentral", "migrationStage":"NotStarted", "server":"akswtt004000014"}}
{"logTime": "0203/125553", "correlationVector":"BM/y/kgDAL50Br0bNk3J0z.2","action":"GetUpdates Response", "result":"Success", "context":Received 250 update(s). cV=BM/y/kgDAL50Br0bNk3J0z.0;server=akswtt004000014;cloudType=Consumer;environment=Prod_francecentral_prod-s01-062-eur-francecentral;migrationStage=NotStarted Some updates remain.}
{"logTime": "0203/125553", "correlationVector":"gw7qtVKrm4/3vMMqeFrNFo","action":"Initial GetUpdates", "result":"", "context":Reason: NEWLY_SUPPORTED_DATATYPE. cV=gw7qtVKrm4/3vMMqeFrNFo}
{"logTime": "0203/125554", "correlationVector":"gw7qtVKrm4/3vMMqeFrNFo.1","action":"SyncServerConnectionManagerRequest", "result":"SYNC_SERVER_OK", "context":{"environment":"Prod_francecentral_prod-s01-062-eur-francecentral", "migrationStage":"NotStarted", "server":"akswtt00400003p"}}
{"logTime": "0203/125554", "correlationVector":"gw7qtVKrm4/3vMMqeFrNFo.2","action":"GetUpdates Response", "result":"Success", "context":Received 250 update(s). cV=gw7qtVKrm4/3vMMqeFrNFo.0;server=akswtt00400003p;cloudType=Consumer;environment=Prod_francecentral_prod-s01-062-eur-francecentral;migrationStage=NotStarted Some updates remain.}
{"logTime": "0203/125554", "correlationVector":"+BubDcIOMbtOX++YXGcMnd","action":"Initial GetUpdates", "result":"", "context":Reason: NEWLY_SUPPORTED_DATATYPE. cV=+BubDcIOMbtOX++YXGcMnd}
{"logTime": "0203/125555", "correlationVector":"+BubDcIOMbtOX++YXGcMnd.1","action":"SyncServerConnectionManagerRequest", "result":"SYNC_SERVER_OK", "context":{"environment":"Prod_francecentral_prod-s01-062-eur-francecentral", "migrationStage":"NotStarted", "server":"akswtt00400004c"}}
{"logTime": "0203/125555", "correlationVector":"+BubDcIOMbtOX++YXGcMnd.2","action":"GetUpdates Response", "result":"Success", "context":Received 250 update(s). cV=+BubDcIOMbtOX++YXGcMnd.0;server=akswtt00400004c;cloudType=Consumer;environment=Prod_francecentral_prod-s01-062-eur-francecentral;migrationStage=NotStarted Some updates remain.}
{"logTime": "0203/125555", "correlationVector":"81HOajtfIPPiA5aFFcJ6CF","action":"Initial GetUpdates", "result":"", "context":Reason: NEWLY_SUPPORTED_DATATYPE. cV=81HOajtfIPPiA5aFFcJ6CF}
{"logTime": "0203/125555", "correlationVector":"81HOajtfIPPiA5aFFcJ6CF.1","action":"SyncServerConnectionManagerRequest", "result":"SYNC_SERVER_OK", "context":{"environment":"Prod_francecentral_prod-s01-062-eur-francecentral", "migrationStage":"NotStarted", "server":"akswtt004000014"}}
{"logTime": "0203/125555", "correlationVector":"81HOajtfIPPiA5aFFcJ6CF.2","action":"GetUpdates Response", "result":"Success", "context":Received 250 update(s). cV=81HOajtfIPPiA5aFFcJ6CF.0;server=akswtt004000014;cloudType=Consumer;environment=Prod_francecentral_prod-s01-062-eur-francecentral;migrationStage=NotStarted Some updates remain.}
{"logTime": "0203/125555", "correlationVector":"wYZpCkgigK96Ibmhwda6U6","action":"Initial GetUpdates", "result":"", "context":Reason: NEWLY_SUPPORTED_DATATYPE. cV=wYZpCkgigK96Ibmhwda6U6}
{"logTime": "0203/125556", "correlationVector":"wYZpCkgigK96Ibmhwda6U6.1","action":"SyncServerConnectionManagerRequest", "result":"SYNC_SERVER_OK", "context":{"environment":"Prod_francecentral_prod-s01-062-eur-francecentral", "migrationStage":"NotStarted", "server":"akswtt004000014"}}
{"logTime": "0203/125556", "correlationVector":"wYZpCkgigK96Ibmhwda6U6.2","action":"GetUpdates Response", "result":"Success", "context":Received 250 update(s). cV=wYZpCkgigK96Ibmhwda6U6.0;server=akswtt004000014;cloudType=Consumer;environment=Prod_francecentral_prod-s01-062-eur-francecentral;migrationStage=NotStarted Some updates remain.}
{"logTime": "0203/125556", "correlationVector":"FXvHZVAD1XsM7ItNU4yYev","action":"Initial GetUpdates", "result":"", "context":Reason: NEWLY_SUPPORTED_DATATYPE. cV=FXvHZVAD1XsM7ItNU4yYev}
{"logTime": "0203/125557", "correlationVector":"FXvHZVAD1XsM7ItNU4yYev.1","action":"SyncServerConnectionManagerRequest", "result":"SYNC_SERVER_OK", "context":{"environment":"Prod_francecentral_prod-s01-062-eur-francecentral", "migrationStage":"NotStarted", "server":"akswtt004000039"}}
{"logTime": "0203/125557", "correlationVector":"FXvHZVAD1XsM7ItNU4yYev.2","action":"GetUpdates Response", "result":"Success", "context":Received 250 update(s). cV=FXvHZVAD1XsM7ItNU4yYev.0;server=akswtt004000039;cloudType=Consumer;environment=Prod_francecentral_prod-s01-062-eur-francecentral;migrationStage=NotStarted Some updates remain.}
{"logTime": "0203/125557", "correlationVector":"NfKQjrB0bQ5R2mX3dV8+y5","action":"Initial GetUpdates", "result":"", "context":Reason: NEWLY_SUPPORTED_DATATYPE. cV=NfKQjrB0bQ5R2mX3dV8+y5}
{"logTime": "0203/125557", "correlationVector":"NfKQjrB0bQ5R2mX3dV8+y5.1","action":"SyncServerConnectionManagerRequest", "result":"SYNC_SERVER_OK", "context":{"environment":"Prod_francecentral_prod-s01-062-eur-francecentral", "migrationStage":"NotStarted", "server":"akswtt00400004c"}}
{"logTime": "0203/125557", "correlationVector":"NfKQjrB0bQ5R2mX3dV8+y5.2","action":"GetUpdates Response", "result":"Success", "context":Received 250 update(s). cV=NfKQjrB0bQ5R2mX3dV8+y5.0;server=akswtt00400004c;cloudType=Consumer;environment=Prod_francecentral_prod-s01-062-eur-francecentral;migrationStage=NotStarted Some updates remain.}
{"logTime": "0203/125557", "correlationVector":"1ohpEqas1PoYxVRKF99Hjr","action":"Initial GetUpdates", "result":"", "context":Reason: NEWLY_SUPPORTED_DATATYPE. cV=1ohpEqas1PoYxVRKF99Hjr}
{"logTime": "0203/125558", "correlationVector":"1ohpEqas1PoYxVRKF99Hjr.1","action":"SyncServerConnectionManagerRequest", "result":"SYNC_SERVER_OK", "context":{"environment":"Prod_francecentral_prod-s01-062-eur-francecentral", "migrationStage":"NotStarted", "server":"akswtt00400003r"}}
{"logTime": "0203/125558", "correlationVector":"1ohpEqas1PoYxVRKF99Hjr.2","action":"GetUpdates Response", "result":"Success", "context":Received 250 update(s). cV=1ohpEqas1PoYxVRKF99Hjr.0;server=akswtt00400003r;cloudType=Consumer;environment=Prod_francecentral_prod-s01-062-eur-francecentral;migrationStage=NotStarted Some updates remain.}
{"logTime": "0203/125558", "correlationVector":"Gvb7+iKINnDwtxDRUNTfYu","action":"Initial GetUpdates", "result":"", "context":Reason: NEWLY_SUPPORTED_DATATYPE. cV=Gvb7+iKINnDwtxDRUNTfYu}
{"logTime": "0203/125559", "correlationVector":"Gvb7+iKINnDwtxDRUNTfYu.1","action":"SyncServerConnectionManagerRequest", "result":"SYNC_SERVER_OK", "context":{"environment":"Prod_francecentral_prod-s01-062-eur-francecentral", "migrationStage":"NotStarted", "server":"akswtt004000014"}}
{"logTime": "0203/125559", "correlationVector":"Gvb7+iKINnDwtxDRUNTfYu.2","action":"GetUpdates Response", "result":"Success", "context":Received 250 update(s). cV=Gvb7+iKINnDwtxDRUNTfYu.0;server=akswtt004000014;cloudType=Consumer;environment=Prod_francecentral_prod-s01-062-eur-francecentral;migrationStage=NotStarted Some updates remain.}
{"logTime": "0203/125559", "correlationVector":"nxtDedq/8YqO9aP8KG4exl","action":"Initial GetUpdates", "result":"", "context":Reason: NEWLY_SUPPORTED_DATATYPE. cV=nxtDedq/8YqO9aP8KG4exl}
{"logTime": "0203/125559", "correlationVector":"nxtDedq/8YqO9aP8KG4exl.1","action":"SyncServerConnectionManagerRequest", "result":"SYNC_SERVER_OK", "context":{"environment":"Prod_francecentral_prod-s01-062-eur-francecentral", "migrationStage":"NotStarted", "server":"akswtt00400003r"}}
{"logTime": "0203/125559", "correlationVector":"nxtDedq/8YqO9aP8KG4exl.2","action":"GetUpdates Response", "result":"Success", "context":Received 250 update(s). cV=nxtDedq/8YqO9aP8KG4exl.0;server=akswtt00400003r;cloudType=Consumer;environment=Prod_francecentral_prod-s01-062-eur-francecentral;migrationStage=NotStarted Some updates remain.}
{"logTime": "0203/125559", "correlationVector":"YgQMIXCaa1PqU4dNoo0aO1","action":"Initial GetUpdates", "result":"", "context":Reason: NEWLY_SUPPORTED_DATATYPE. cV=YgQMIXCaa1PqU4dNoo0aO1}
{"logTime": "0203/125600", "correlationVector":"YgQMIXCaa1PqU4dNoo0aO1.1","action":"SyncServerConnectionManagerRequest", "result":"SYNC_SERVER_OK", "context":{"environment":"Prod_francecentral_prod-s01-062-eur-francecentral", "migrationStage":"NotStarted", "server":"akswtt004000043"}}
{"logTime": "0203/125600", "correlationVector":"YgQMIXCaa1PqU4dNoo0aO1.2","action":"GetUpdates Response", "result":"Success", "context":Received 250 update(s). cV=YgQMIXCaa1PqU4dNoo0aO1.0;server=akswtt004000043;cloudType=Consumer;environment=Prod_francecentral_prod-s01-062-eur-francecentral;migrationStage=NotStarted Some updates remain.}
{"logTime": "0203/125600", "correlationVector":"WkmgxyZto2+WvjpmBPM4Ak","action":"Initial GetUpdates", "result":"", "context":Reason: NEWLY_SUPPORTED_DATATYPE. cV=WkmgxyZto2+WvjpmBPM4Ak}
{"logTime": "0203/125601", "correlationVector":"WkmgxyZto2+WvjpmBPM4Ak.1","action":"SyncServerConnectionManagerRequest", "result":"SYNC_SERVER_OK", "context":{"environment":"Prod_francecentral_prod-s01-062-eur-francecentral", "migrationStage":"NotStarted", "server":"akswtt00400001w"}}
{"logTime": "0203/125601", "correlationVector":"WkmgxyZto2+WvjpmBPM4Ak.2","action":"GetUpdates Response", "result":"Success", "context":Received 250 update(s). cV=WkmgxyZto2+WvjpmBPM4Ak.0;server=akswtt00400001w;cloudType=Consumer;environment=Prod_francecentral_prod-s01-062-eur-francecentral;migrationStage=NotStarted Some updates remain.}
{"logTime": "0203/125601", "correlationVector":"KlDj/OMjNPDQMZwAZ8M+qJ","action":"Initial GetUpdates", "result":"", "context":Reason: NEWLY_SUPPORTED_DATATYPE. cV=KlDj/OMjNPDQMZwAZ8M+qJ}
{"logTime": "0203/125601", "correlationVector":"KlDj/OMjNPDQMZwAZ8M+qJ.1","action":"SyncServerConnectionManagerRequest", "result":"SYNC_SERVER_OK", "context":{"environment":"Prod_francecentral_prod-s01-062-eur-francecentral", "migrationStage":"NotStarted", "server":"akswtt004000043"}}
{"logTime": "0203/125601", "correlationVector":"KlDj/OMjNPDQMZwAZ8M+qJ.2","action":"GetUpdates Response", "result":"Success", "context":Received 250 update(s). cV=KlDj/OMjNPDQMZwAZ8M+qJ.0;server=akswtt004000043;cloudType=Consumer;environment=Prod_francecentral_prod-s01-062-eur-francecentral;migrationStage=NotStarted Some updates remain.}
{"logTime": "0203/125601", "correlationVector":"XlG9clrWwMJL4rxuIzQNsh","action":"Initial GetUpdates", "result":"", "context":Reason: NEWLY_SUPPORTED_DATATYPE. cV=XlG9clrWwMJL4rxuIzQNsh}
{"logTime": "0203/125602", "correlationVector":"XlG9clrWwMJL4rxuIzQNsh.1","action":"SyncServerConnectionManagerRequest", "result":"SYNC_SERVER_OK", "context":{"environment":"Prod_francecentral_prod-s01-062-eur-francecentral", "migrationStage":"NotStarted", "server":"akswtt00400004q"}}
{"logTime": "0203/125602", "correlationVector":"XlG9clrWwMJL4rxuIzQNsh.2","action":"GetUpdates Response", "result":"Success", "context":Received 250 update(s). cV=XlG9clrWwMJL4rxuIzQNsh.0;server=akswtt00400004q;cloudType=Consumer;environment=Prod_francecentral_prod-s01-062-eur-francecentral;migrationStage=NotStarted Some updates remain.}
{"logTime": "0203/125602", "correlationVector":"JJMU3LEiAGHmMGS04eKcqf","action":"Initial GetUpdates", "result":"", "context":Reason: NEWLY_SUPPORTED_DATATYPE. cV=JJMU3LEiAGHmMGS04eKcqf}
{"logTime": "0203/125603", "correlationVector":"JJMU3LEiAGHmMGS04eKcqf.1","action":"SyncServerConnectionManagerRequest", "result":"SYNC_SERVER_OK", "context":{"environment":"Prod_francecentral_prod-s01-062-eur-francecentral", "migrationStage":"NotStarted", "server":"akswtt004000039"}}
{"logTime": "0203/125603", "correlationVector":"JJMU3LEiAGHmMGS04eKcqf.2","action":"GetUpdates Response", "result":"Success", "context":Received 250 update(s). cV=JJMU3LEiAGHmMGS04eKcqf.0;server=akswtt004000039;cloudType=Consumer;environment=Prod_francecentral_prod-s01-062-eur-francecentral;migrationStage=NotStarted Some updates remain.}
{"logTime": "0203/125603", "correlationVector":"TvterR5CJxODKXkPCNY7cu","action":"Initial GetUpdates", "result":"", "context":Reason: NEWLY_SUPPORTED_DATATYPE. cV=TvterR5CJxODKXkPCNY7cu}
{"logTime": "0203/125604", "correlationVector":"TvterR5CJxODKXkPCNY7cu.1","action":"SyncServerConnectionManagerRequest", "result":"SYNC_SERVER_OK", "context":{"environment":"Prod_francecentral_prod-s01-062-eur-francecentral", "migrationStage":"NotStarted", "server":"akswtt004000014"}}
{"logTime": "0203/125604", "correlationVector":"TvterR5CJxODKXkPCNY7cu.2","action":"GetUpdates Response", "result":"Success", "context":Received 250 update(s). cV=TvterR5CJxODKXkPCNY7cu.0;server=akswtt004000014;cloudType=Consumer;environment=Prod_francecentral_prod-s01-062-eur-francecentral;migrationStage=NotStarted Some updates remain.}
{"logTime": "0203/125604", "correlationVector":"jOeaf8DTLnjsAfArx7ABu1","action":"Initial GetUpdates", "result":"", "context":Reason: NEWLY_SUPPORTED_DATATYPE. cV=jOeaf8DTLnjsAfArx7ABu1}
{"logTime": "0203/125604", "correlationVector":"jOeaf8DTLnjsAfArx7ABu1.1","action":"SyncServerConnectionManagerRequest", "result":"SYNC_SERVER_OK", "context":{"environment":"Prod_francecentral_prod-s01-062-eur-francecentral", "migrationStage":"NotStarted", "server":"akswtt00400004q"}}
{"logTime": "0203/125604", "correlationVector":"jOeaf8DTLnjsAfArx7ABu1.2","action":"GetUpdates Response", "result":"Success", "context":Received 250 update(s). cV=jOeaf8DTLnjsAfArx7ABu1.0;server=akswtt00400004q;cloudType=Consumer;environment=Prod_francecentral_prod-s01-062-eur-francecentral;migrationStage=NotStarted Some updates remain.}
{"logTime": "0203/125604", "correlationVector":"E/g8TIc1ZKPaM0SUndcsd9","action":"Initial GetUpdates", "result":"", "context":Reason: NEWLY_SUPPORTED_DATATYPE. cV=E/g8TIc1ZKPaM0SUndcsd9}
{"logTime": "0203/125605", "correlationVector":"E/g8TIc1ZKPaM0SUndcsd9.1","action":"SyncServerConnectionManagerRequest", "result":"SYNC_SERVER_OK", "context":{"environment":"Prod_francecentral_prod-s01-062-eur-francecentral", "migrationStage":"NotStarted", "server":"akswtt004000014"}}
{"logTime": "0203/125605", "correlationVector":"E/g8TIc1ZKPaM0SUndcsd9.2","action":"GetUpdates Response", "result":"Success", "context":Received 250 update(s). cV=E/g8TIc1ZKPaM0SUndcsd9.0;server=akswtt004000014;cloudType=Consumer;environment=Prod_francecentral_prod-s01-062-eur-francecentral;migrationStage=NotStarted Some updates remain.}
{"logTime": "0203/125605", "correlationVector":"3dFEVhBG7+f9HaXI1jaZWj","action":"Initial GetUpdates", "result":"", "context":Reason: NEWLY_SUPPORTED_DATATYPE. cV=3dFEVhBG7+f9HaXI1jaZWj}
{"logTime": "0203/125606", "correlationVector":"3dFEVhBG7+f9HaXI1jaZWj.1","action":"SyncServerConnectionManagerRequest", "result":"SYNC_SERVER_OK", "context":{"environment":"Prod_francecentral_prod-s01-062-eur-francecentral", "migrationStage":"NotStarted", "server":"akswtt00400004c"}}
{"logTime": "0203/125606", "correlationVector":"3dFEVhBG7+f9HaXI1jaZWj.2","action":"GetUpdates Response", "result":"Success", "context":Received 250 update(s). cV=3dFEVhBG7+f9HaXI1jaZWj.0;server=akswtt00400004c;cloudType=Consumer;environment=Prod_francecentral_prod-s01-062-eur-francecentral;migrationStage=NotStarted Some updates remain.}
{"logTime": "0203/125606", "correlationVector":"/LBhX1KZiydnxEGogc891y","action":"Initial GetUpdates", "result":"", "context":Reason: NEWLY_SUPPORTED_DATATYPE. cV=/LBhX1KZiydnxEGogc891y}
{"logTime": "0203/125607", "correlationVector":"/LBhX1KZiydnxEGogc891y.1","action":"SyncServerConnectionManagerRequest", "result":"SYNC_SERVER_OK", "context":{"environment":"Prod_francecentral_prod-s01-062-eur-francecentral", "migrationStage":"NotStarted", "server":"akswtt00400004q"}}
{"logTime": "0203/125607", "correlationVector":"/LBhX1KZiydnxEGogc891y.2","action":"GetUpdates Response", "result":"Success", "context":Received 250 update(s). cV=/LBhX1KZiydnxEGogc891y.0;server=akswtt00400004q;cloudType=Consumer;environment=Prod_francecentral_prod-s01-062-eur-francecentral;migrationStage=NotStarted Some updates remain.}
{"logTime": "0203/125607", "correlationVector":"ynvOAA+seC7dkoY3UgW1Nc","action":"Initial GetUpdates", "result":"", "context":Reason: NEWLY_SUPPORTED_DATATYPE. cV=ynvOAA+seC7dkoY3UgW1Nc}
{"logTime": "0203/125607", "correlationVector":"ynvOAA+seC7dkoY3UgW1Nc.1","action":"SyncServerConnectionManagerRequest", "result":"SYNC_SERVER_OK", "context":{"environment":"Prod_francecentral_prod-s01-062-eur-francecentral", "migrationStage":"NotStarted", "server":"akswtt00400003r"}}
{"logTime": "0203/125607", "correlationVector":"ynvOAA+seC7dkoY3UgW1Nc.2","action":"GetUpdates Response", "result":"Success", "context":Received 250 update(s). cV=ynvOAA+seC7dkoY3UgW1Nc.0;server=akswtt00400003r;cloudType=Consumer;environment=Prod_francecentral_prod-s01-062-eur-francecentral;migrationStage=NotStarted Some updates remain.}
{"logTime": "0203/125607", "correlationVector":"qN3iERTYqSmKXBTEle7buM","action":"Initial GetUpdates", "result":"", "context":Reason: NEWLY_SUPPORTED_DATATYPE. cV=qN3iERTYqSmKXBTEle7buM}
{"logTime": "0203/125608", "correlationVector":"qN3iERTYqSmKXBTEle7buM.1","action":"SyncServerConnectionManagerRequest", "result":"SYNC_SERVER_OK", "context":{"environment":"Prod_francecentral_prod-s01-062-eur-francecentral", "migrationStage":"NotStarted", "server":"akswtt00400003p"}}
{"logTime": "0203/125608", "correlationVector":"qN3iERTYqSmKXBTEle7buM.2","action":"GetUpdates Response", "result":"Success", "context":Received 250 update(s). cV=qN3iERTYqSmKXBTEle7buM.0;server=akswtt00400003p;cloudType=Consumer;environment=Prod_francecentral_prod-s01-062-eur-francecentral;migrationStage=NotStarted Some updates remain.}
{"logTime": "0203/125608", "correlationVector":"+TNx0305gNJi26mZuVZj88","action":"Initial GetUpdates", "result":"", "context":Reason: NEWLY_SUPPORTED_DATATYPE. cV=+TNx0305gNJi26mZuVZj88}
{"logTime": "0203/125608", "correlationVector":"+TNx0305gNJi26mZuVZj88.1","action":"SyncServerConnectionManagerRequest", "result":"SYNC_SERVER_OK", "context":{"environment":"Prod_francecentral_prod-s01-062-eur-francecentral", "migrationStage":"NotStarted", "server":"akswtt00400003p"}}
{"logTime": "0203/125608", "correlationVector":"+TNx0305gNJi26mZuVZj88.2","action":"GetUpdates Response", "result":"Success", "context":Received 250 update(s). cV=+TNx0305gNJi26mZuVZj88.0;server=akswtt00400003p;cloudType=Consumer;environment=Prod_francecentral_prod-s01-062-eur-francecentral;migrationStage=NotStarted Some updates remain.}
{"logTime": "0203/125608", "correlationVector":"eZKPTlf6Agu+rW23EHWkqp","action":"Initial GetUpdates", "result":"", "context":Reason: NEWLY_SUPPORTED_DATATYPE. cV=eZKPTlf6Agu+rW23EHWkqp}
{"logTime": "0203/125609", "correlationVector":"eZKPTlf6Agu+rW23EHWkqp.1","action":"SyncServerConnectionManagerRequest", "result":"SYNC_SERVER_OK", "context":{"environment":"Prod_francecentral_prod-s01-062-eur-francecentral", "migrationStage":"NotStarted", "server":"akswtt004000043"}}
{"logTime": "0203/125609", "correlationVector":"eZKPTlf6Agu+rW23EHWkqp.2","action":"GetUpdates Response", "result":"Success", "context":Received 79 update(s). cV=eZKPTlf6Agu+rW23EHWkqp.0;server=akswtt004000043;cloudType=Consumer;environment=Prod_francecentral_prod-s01-062-eur-francecentral;migrationStage=NotStarted}
{"logTime": "0203/125609", "correlationVector":"dQl2WYItzAoNJgpHCxf1m/","action":"Normal GetUpdate request", "result":"", "context":cV=dQl2WYItzAoNJgpHCxf1m/
Nudged types: Preferences, Sessions, Device Info, User Consents, Edge Hub App Usage
Refresh requested types: Bookmarks, Preferences, Passwords, Autofill Profiles, Autofill, Extensions, Sessions, Extension settings, History Delete Directives, Device Info, User Consents, Send Tab To Self, Web Apps, History, Collection, Edge E Drop, Edge Hub App Usage, Edge Tab Group, Edge Wallet, Encryption Keys}
{"logTime": "0203/125609", "correlationVector":"dQl2WYItzAoNJgpHCxf1m/.1","action":"SyncServerConnectionManagerRequest", "result":"SYNC_SERVER_OK", "context":{"environment":"Prod_francecentral_prod-s01-062-eur-francecentral", "migrationStage":"Unmigrated", "server":"akswtt00400003r"}}
{"logTime": "0203/125609", "correlationVector":"dQl2WYItzAoNJgpHCxf1m/.2","action":"GetUpdates Response", "result":"Success", "context":Received 0 update(s). cV=dQl2WYItzAoNJgpHCxf1m/.0;server=akswtt00400003r;cloudType=Consumer;environment=Prod_francecentral_prod-s01-062-eur-francecentral;migrationStage=Unmigrated}
{"logTime": "0203/125609", "correlationVector":"u9IygCk1qm/gtFqs9jM+KW","action":"Commit Request", "result":"", "context":Item count: 13
Contributing types: Preferences, Sessions, Device Info, User Consents, Edge Hub App Usage, Edge Tab Group}
{"logTime": "0203/125610", "correlationVector":"u9IygCk1qm/gtFqs9jM+KW.1","action":"SyncServerConnectionManagerRequest", "result":"SYNC_SERVER_OK", "context":{"environment":"Prod_francecentral_prod-s01-062-eur-francecentral", "migrationStage":"Unmigrated", "server":"akswtt00400004c"}}
{"logTime": "0203/125610", "correlationVector":"u9IygCk1qm/gtFqs9jM+KW.2","action":"Commit Response", "result":"Success", "context":Result: Success. cV=u9IygCk1qm/gtFqs9jM+KW.0;server=akswtt00400004c;cloudType=Consumer;environment=Prod_francecentral_prod-s01-062-eur-francecentral;migrationStage=Unmigrated}
{"logTime": "0203/125610", "correlationVector":"u9IygCk1qm/gtFqs9jM+KW.3","action":"Commit.Edge Tab Group", "result":"Success", "context":{"id":"2ccc9045-6b2a-4238-82b8-796d00b7b293", "isDeleted":"true", "size":"0", "version":"1730811245839"}}
{"logTime": "0203/125610", "correlationVector":"u9IygCk1qm/gtFqs9jM+KW.4","action":"Commit.Edge Tab Group", "result":"Success", "context":{"id":"85cbff2f-57e8-4afd-900e-73dc82e803fc", "isDeleted":"true", "size":"0", "version":"1730811248990"}}
{"logTime": "0203/125610", "correlationVector":"u9IygCk1qm/gtFqs9jM+KW.5","action":"Commit.Edge Tab Group", "result":"Success", "context":{"id":"925643a6-6a3c-4979-b124-12b72b10017b", "isDeleted":"true", "size":"0", "version":"1730811244522"}}
{"logTime": "0203/125610", "correlationVector":"u9IygCk1qm/gtFqs9jM+KW.6","action":"Commit.Edge Tab Group", "result":"Success", "context":{"id":"2dad99bc-0bc4-42b8-91a5-16b73a69802d", "isDeleted":"true", "size":"0", "version":"1730811239687"}}
{"logTime": "0203/125610", "correlationVector":"I8ZduX5ZuVk28+zZpJFBkT","action":"Normal GetUpdate request", "result":"", "context":cV=I8ZduX5ZuVk28+zZpJFBkT
Nudged types: Preferences, Sessions, Device Info, Edge Hub App Usage, Edge Tab Group
Notified types: Edge Tab Group}
{"logTime": "0203/125611", "correlationVector":"I8ZduX5ZuVk28+zZpJFBkT.1","action":"SyncServerConnectionManagerRequest", "result":"SYNC_SERVER_OK", "context":{"environment":"Prod_francecentral_prod-s01-062-eur-francecentral", "migrationStage":"Unmigrated", "server":"akswtt004000014"}}
{"logTime": "0203/125611", "correlationVector":"I8ZduX5ZuVk28+zZpJFBkT.2","action":"GetUpdates", "result":"DeleteReceived", "context":{"id":"2ccc9045-6b2a-4238-82b8-796d00b7b293", "isDeleted:":"true", "version":"1738587370484"}}
{"logTime": "0203/125611", "correlationVector":"I8ZduX5ZuVk28+zZpJFBkT.3","action":"GetUpdates", "result":"DeleteReceived", "context":{"id":"85cbff2f-57e8-4afd-900e-73dc82e803fc", "isDeleted:":"true", "version":"1738587370485"}}
{"logTime": "0203/125611", "correlationVector":"I8ZduX5ZuVk28+zZpJFBkT.4","action":"GetUpdates", "result":"DeleteReceived", "context":{"id":"925643a6-6a3c-4979-b124-12b72b10017b", "isDeleted:":"true", "version":"1738587370486"}}
{"logTime": "0203/125611", "correlationVector":"I8ZduX5ZuVk28+zZpJFBkT.5","action":"GetUpdates", "result":"DeleteReceived", "context":{"id":"2dad99bc-0bc4-42b8-91a5-16b73a69802d", "isDeleted:":"true", "version":"1738587370487"}}
{"logTime": "0203/125611", "correlationVector":"I8ZduX5ZuVk28+zZpJFBkT.6","action":"GetUpdates Response", "result":"Success", "context":Received 11 update(s). cV=I8ZduX5ZuVk28+zZpJFBkT.0;server=akswtt004000014;cloudType=Consumer;environment=Prod_francecentral_prod-s01-062-eur-francecentral;migrationStage=Unmigrated}
{"logTime": "0203/125611", "correlationVector":"U2nCQ0x4ZytrlZQ8N+1m2U","action":"DoCompareDataConsistency requsted types: ", "result":"Bookmarks, Preferences, Passwords, Extensions, Extension settings, History Delete Directives, Send Tab To Self, Web Apps, History, Collection, Edge E Drop, Edge Tab Group, Edge Wallet, Encryption Keys"}
{"logTime": "0203/125611", "correlationVector":"U2nCQ0x4ZytrlZQ8N+1m2U.0","action":"CompareDataConsistency result: ", "result":"Compare result: Encryption Keys is consistent. local entities count is: 1 local entities hash is: j0DoBVIf0vCJtPVEZIW1azHe4bw="}
{"logTime": "0203/125611", "correlationVector":"U2nCQ0x4ZytrlZQ8N+1m2U.1","action":"CompareDataConsistency result: ", "result":"Compare result: Bookmarks is consistent. local entities count is: 11 local entities hash is: pMyo+TGRxls1NmOddrZiMPu2PQs="}
{"logTime": "0203/125611", "correlationVector":"U2nCQ0x4ZytrlZQ8N+1m2U.2","action":"CompareDataConsistency result: ", "result":"Compare result: Preferences is consistent. local entities count is: 85 local entities hash is: lT6JffCANCB/8vpanr984qDlIT4="}
{"logTime": "0203/125611", "correlationVector":"U2nCQ0x4ZytrlZQ8N+1m2U.3","action":"CompareDataConsistency result: ", "result":"Compare result: Extensions is consistent. local entities count is: 8 local entities hash is: KXcnY/lOloZCpFeaOyn9i95moxE="}
{"logTime": "0203/125611", "correlationVector":"U2nCQ0x4ZytrlZQ8N+1m2U.4","action":"CompareDataConsistency result: ", "result":"Compare result: Extension settings is consistent. local entities count is: 11 local entities hash is: Cx+n17tLXiAZ/VQDlRvOaQjsbT8="}
{"logTime": "0203/125611", "correlationVector":"U2nCQ0x4ZytrlZQ8N+1m2U.5","action":"CompareDataConsistency result: ", "result":"Compare result: History Delete Directives is inconsistent. server entities count is: 2 server entities hash is: riqeiFrVGPQ4Bw5rWtKaN1aantQ= local entities count is: 0 local entities hash is: "}
{"logTime": "0203/125611", "correlationVector":"U2nCQ0x4ZytrlZQ8N+1m2U.6","action":"CompareDataConsistency result: ", "result":"Server did not send this Send Tab To Self local entities count is: 0 local entities hash is: "}
{"logTime": "0203/125611", "correlationVector":"U2nCQ0x4ZytrlZQ8N+1m2U.7","action":"CompareDataConsistency result: ", "result":"Compare result: Web Apps is consistent. local entities count is: 0 local entities hash is: "}
{"logTime": "0203/125611", "correlationVector":"U2nCQ0x4ZytrlZQ8N+1m2U.8","action":"CompareDataConsistency result: ", "result":"Server did not send this History local entities count is: 0 local entities hash is: "}
{"logTime": "0203/125611", "correlationVector":"U2nCQ0x4ZytrlZQ8N+1m2U.9","action":"CompareDataConsistency result: ", "result":"Compare result: Collection is consistent. local entities count is: 0 local entities hash is: "}
{"logTime": "0203/125611", "correlationVector":"U2nCQ0x4ZytrlZQ8N+1m2U.10","action":"CompareDataConsistency result: ", "result":"Compare result: Edge E Drop is consistent. local entities count is: 0 local entities hash is: "}
{"logTime": "0203/125611", "correlationVector":"U2nCQ0x4ZytrlZQ8N+1m2U.11","action":"CompareDataConsistency result: ", "result":"Compare result: Edge Tab Group is consistent. local entities count is: 13 local entities hash is: RBaIQ/oor7zUZe/J9BzaZ/ZPStM="}
{"logTime": "0203/125611", "correlationVector":"U2nCQ0x4ZytrlZQ8N+1m2U.12","action":"CompareDataConsistency result: ", "result":"Compare result: Edge Wallet is consistent. local entities count is: 0 local entities hash is: "}
{"logTime": "0203/125611", "correlationVector":"U2nCQ0x4ZytrlZQ8N+1m2U.13","action":"CompareDataConsistency result: ", "result":"Compare result: Passwords is consistent. local entities count is: 58 local entities hash is: dx5MKEMEZ405NKIiZs+Q+wAXZ54="}
{"logTime": "0203/125611", "correlationVector":"","action":"DIAGNOSTIC_REQUEST|v1/diagnosticData/Diagnostic.SendCheckResult()|SUCCESS", "result":""}
{"logTime": "0203/125612", "correlationVector":"sfj6FqZoiYZ8hnh33E9Kzj","action":"Normal GetUpdate request", "result":"", "context":cV=sfj6FqZoiYZ8hnh33E9Kzj
Notified types: History}
{"logTime": "0203/125612", "correlationVector":"sfj6FqZoiYZ8hnh33E9Kzj.1","action":"SyncServerConnectionManagerRequest", "result":"SYNC_SERVER_OK", "context":{"environment":"Prod_francecentral_prod-s01-062-eur-francecentral", "migrationStage":"Unmigrated", "server":"akswtt00400003r"}}
{"logTime": "0203/125612", "correlationVector":"sfj6FqZoiYZ8hnh33E9Kzj.2","action":"GetUpdates Response", "result":"Success", "context":Received 13 update(s). cV=sfj6FqZoiYZ8hnh33E9Kzj.0;server=akswtt00400003r;cloudType=Consumer;environment=Prod_francecentral_prod-s01-062-eur-francecentral;migrationStage=Unmigrated}
{"logTime": "0203/125737", "correlationVector":"76nsEV0x+hoCwxm1TCbE5r.1","action":"SyncServerConnectionManagerRequest", "result":"SYNC_SERVER_OK", "context":{"environment":"Prod_francecentral_prod-s01-062-eur-francecentral", "migrationStage":"NotStarted", "server":"akswtt00400000g"}}
{"logTime": "0203/125738", "correlationVector":"9I2PudlP+ow24sSvGzuZbm","action":"SyncServerConnectionManagerRequest", "result":"SYNC_SERVER_OK", "context":{"environment":"", "migrationStage":"", "server":""}}
{"logTime": "0203/125738", "correlationVector":"76nsEV0x+hoCwxm1TCbE5r","action":"Initial GetUpdates", "result":"", "context":Reason: NEW_CLIENT. cV=76nsEV0x+hoCwxm1TCbE5r}
{"logTime": "0203/125738", "correlationVector":"76nsEV0x+hoCwxm1TCbE5r.2","action":"GetUpdates Response", "result":"Success", "context":Received 1 update(s). cV=76nsEV0x+hoCwxm1TCbE5r.0;server=akswtt00400000g;cloudType=Consumer;environment=Prod_francecentral_prod-s01-062-eur-francecentral;migrationStage=NotStarted}
{"logTime": "0203/125738", "correlationVector":"SYXkdrHuUfO5/L+x2mlfds","action":"Initial GetUpdates", "result":"", "context":Reason: NEWLY_SUPPORTED_DATATYPE. cV=SYXkdrHuUfO5/L+x2mlfds}
{"logTime": "0203/125738", "correlationVector":"SYXkdrHuUfO5/L+x2mlfds.1","action":"SyncServerConnectionManagerRequest", "result":"SYNC_SERVER_OK", "context":{"environment":"Prod_francecentral_prod-s01-062-eur-francecentral", "migrationStage":"Unmigrated", "server":"akswtt00400000g"}}
{"logTime": "0203/125738", "correlationVector":"SYXkdrHuUfO5/L+x2mlfds.2","action":"GetUpdates", "result":"DeleteReceived", "context":{"id":"e7294e1b-c7f1-4e79-9e8e-e5cf7909134d", "isDeleted:":"true", "version":"1724585067269"}}
{"logTime": "0203/125738", "correlationVector":"SYXkdrHuUfO5/L+x2mlfds.3","action":"GetUpdates", "result":"DeleteReceived", "context":{"id":"22882729-a1c0-4e17-a734-87b67bcb6446", "isDeleted:":"true", "version":"1724585070546"}}
{"logTime": "0203/125738", "correlationVector":"SYXkdrHuUfO5/L+x2mlfds.4","action":"GetUpdates", "result":"DeleteReceived", "context":{"id":"9cb33029-be9c-4df6-b045-edca6c8a1f88", "isDeleted:":"true", "version":"1724585072859"}}
{"logTime": "0203/125738", "correlationVector":"SYXkdrHuUfO5/L+x2mlfds.5","action":"GetUpdates", "result":"DeleteReceived", "context":{"id":"8e3121c4-b00c-45e3-bcdf-fc0f66878182", "isDeleted:":"true", "version":"1724585074521"}}
{"logTime": "0203/125738", "correlationVector":"SYXkdrHuUfO5/L+x2mlfds.6","action":"GetUpdates", "result":"DeleteReceived", "context":{"id":"bc05cc79-9f31-4c5b-a8c8-946701da19d2", "isDeleted:":"true", "version":"1724585076355"}}
{"logTime": "0203/125738", "correlationVector":"SYXkdrHuUfO5/L+x2mlfds.7","action":"GetUpdates", "result":"DeleteReceived", "context":{"id":"424552f9-adc3-4de8-a697-359439b3ea2b", "isDeleted:":"true", "version":"1724585077790"}}
{"logTime": "0203/125738", "correlationVector":"SYXkdrHuUfO5/L+x2mlfds.8","action":"GetUpdates", "result":"DeleteReceived", "context":{"id":"e99a912e-9d07-4ea4-99f9-84b6e0a657df", "isDeleted:":"true", "version":"1724585088926"}}
{"logTime": "0203/125738", "correlationVector":"SYXkdrHuUfO5/L+x2mlfds.9","action":"GetUpdates", "result":"DeleteReceived", "context":{"id":"51dcd6c3-4172-4ff7-abdc-c2d64bab22db", "isDeleted:":"true", "version":"1724614678038"}}
{"logTime": "0203/125738", "correlationVector":"SYXkdrHuUfO5/L+x2mlfds.10","action":"GetUpdates", "result":"DeleteReceived", "context":{"id":"d2768483-ba01-4d45-a19a-71ff4cc96e28", "isDeleted:":"true", "version":"1726946858067"}}
{"logTime": "0203/125738", "correlationVector":"SYXkdrHuUfO5/L+x2mlfds.11","action":"GetUpdates", "result":"DeleteReceived", "context":{"id":"cb3afec4-bb6f-4c5f-b7b5-b87bc11302ed", "isDeleted:":"true", "version":"1727021822065"}}
{"logTime": "0203/125738", "correlationVector":"SYXkdrHuUfO5/L+x2mlfds.12","action":"GetUpdates", "result":"DeleteReceived", "context":{"id":"a315a449-e6de-48da-8ff3-6aa06b48b6be", "isDeleted:":"true", "version":"1727023337210"}}
{"logTime": "0203/125738", "correlationVector":"SYXkdrHuUfO5/L+x2mlfds.13","action":"GetUpdates", "result":"DeleteReceived", "context":{"id":"41f05419-1aeb-409b-84fe-3b208d0ba368", "isDeleted:":"true", "version":"1730868454176"}}
{"logTime": "0203/125738", "correlationVector":"SYXkdrHuUfO5/L+x2mlfds.14","action":"GetUpdates", "result":"DeleteReceived", "context":{"id":"df14ef9c-b0e1-4c96-827b-6e49e3c739bf", "isDeleted:":"true", "version":"1730868460918"}}
{"logTime": "0203/125738", "correlationVector":"SYXkdrHuUfO5/L+x2mlfds.15","action":"GetUpdates", "result":"DeleteReceived", "context":{"id":"44a26c77-f401-48b1-9320-721f3e3ca707", "isDeleted:":"true", "version":"1730868479198"}}
{"logTime": "0203/125738", "correlationVector":"SYXkdrHuUfO5/L+x2mlfds.16","action":"GetUpdates", "result":"DeleteReceived", "context":{"id":"d7902775-b5be-49b8-814e-f31d6261a4fa", "isDeleted:":"true", "version":"1733089820478"}}
{"logTime": "0203/125738", "correlationVector":"SYXkdrHuUfO5/L+x2mlfds.17","action":"GetUpdates Response", "result":"Success", "context":Received 73 update(s). cV=SYXkdrHuUfO5/L+x2mlfds.0;server=akswtt00400000g;cloudType=Consumer;environment=Prod_francecentral_prod-s01-062-eur-francecentral;migrationStage=Unmigrated}
{"logTime": "0203/125738", "correlationVector":"pJ9MtSEPhAlqUtUnLe0ztc","action":"Normal GetUpdate request", "result":"", "context":cV=pJ9MtSEPhAlqUtUnLe0ztc
Nudged types: Sessions
Refresh requested types: Bookmarks, Preferences, Passwords, Autofill Profiles, Autofill, Extensions, Sessions, Extension settings, History Delete Directives, Device Info, User Consents, Send Tab To Self, Web Apps, History, Collection, Edge E Drop, Edge Hub App Usage, Edge Tab Group, Edge Wallet, Encryption Keys}
{"logTime": "0203/125739", "correlationVector":"pJ9MtSEPhAlqUtUnLe0ztc.1","action":"SyncServerConnectionManagerRequest", "result":"SYNC_SERVER_OK", "context":{"environment":"Prod_francecentral_prod-s01-062-eur-francecentral", "migrationStage":"Unmigrated", "server":"akswtt004000026"}}
{"logTime": "0203/125739", "correlationVector":"pJ9MtSEPhAlqUtUnLe0ztc.2","action":"GetUpdates Response", "result":"Success", "context":Received 7 update(s). cV=pJ9MtSEPhAlqUtUnLe0ztc.0;server=akswtt004000026;cloudType=Consumer;environment=Prod_francecentral_prod-s01-062-eur-francecentral;migrationStage=Unmigrated}
{"logTime": "0203/125739", "correlationVector":"JqBp5hot+YZEFb7/JXviXb","action":"Commit Request", "result":"", "context":Item count: 3
Contributing types: Sessions}
{"logTime": "0203/125739", "correlationVector":"JqBp5hot+YZEFb7/JXviXb.1","action":"SyncServerConnectionManagerRequest", "result":"SYNC_SERVER_OK", "context":{"environment":"Prod_francecentral_prod-s01-062-eur-francecentral", "migrationStage":"NotStarted", "server":"akswtt00400003j"}}
{"logTime": "0203/125739", "correlationVector":"JqBp5hot+YZEFb7/JXviXb.3","action":"Commit.Sessions", "result":"Success", "context":{"id":"7e1cfb0d-a524-4712-9985-fcc9ca28cf40", "isDeleted":"true", "size":"0", "version":"1738587370478"}}
{"logTime": "0203/125739", "correlationVector":"JqBp5hot+YZEFb7/JXviXb.2","action":"Commit Response", "result":"Success", "context":Result: Success. cV=JqBp5hot+YZEFb7/JXviXb.0;server=akswtt00400003j;cloudType=Consumer;environment=Prod_francecentral_prod-s01-062-eur-francecentral;migrationStage=NotStarted}
{"logTime": "0203/125746", "correlationVector":"Co3T1Ujm+MleEqIAdWsdqk","action":"Commit Request", "result":"", "context":Item count: 8
Contributing types: Preferences, Sessions, History}
{"logTime": "0203/125746", "correlationVector":"Co3T1Ujm+MleEqIAdWsdqk.1","action":"SyncServerConnectionManagerRequest", "result":"SYNC_SERVER_OK", "context":{"environment":"Prod_francecentral_prod-s01-062-eur-francecentral", "migrationStage":"Unmigrated", "server":"akswtt00400000v"}}
{"logTime": "0203/125746", "correlationVector":"Co3T1Ujm+MleEqIAdWsdqk.2","action":"Commit Response", "result":"Success", "context":Result: Success. cV=Co3T1Ujm+MleEqIAdWsdqk.0;server=akswtt00400000v;cloudType=Consumer;environment=Prod_francecentral_prod-s01-062-eur-francecentral;migrationStage=Unmigrated}
{"logTime": "0203/125748", "correlationVector":"YL7FgLUwupgkWMwvVLQzIY","action":"Commit Request", "result":"", "context":Item count: 1
Contributing types: Preferences}
{"logTime": "0203/125749", "correlationVector":"YL7FgLUwupgkWMwvVLQzIY.1","action":"SyncServerConnectionManagerRequest", "result":"SYNC_SERVER_OK", "context":{"environment":"Prod_francecentral_prod-s01-062-eur-francecentral", "migrationStage":"Unmigrated", "server":"akswtt00400002c"}}
{"logTime": "0203/125749", "correlationVector":"YL7FgLUwupgkWMwvVLQzIY.2","action":"Commit Response", "result":"Success", "context":Result: Success. cV=YL7FgLUwupgkWMwvVLQzIY.0;server=akswtt00400002c;cloudType=Consumer;environment=Prod_francecentral_prod-s01-062-eur-francecentral;migrationStage=Unmigrated}
