2025-02-03 12:55:32.236: [INFO][Sync] Reset engine, reason: 8
2025-02-03 12:55:32.236: [INFO][Sync] Stopped: Bookmarks
2025-02-03 12:55:32.236: [INFO][Sync] Stopped: Preferences
2025-02-03 12:55:32.236: [INFO][Sync] Stopped: Passwords
2025-02-03 12:55:32.236: [INFO][Sync] Stopped: Autofill Profiles
2025-02-03 12:55:32.236: [INFO][Sync] Stopped: Autofill
2025-02-03 12:55:32.236: [INFO][Sync] Stopped: Extensions
2025-02-03 12:55:32.236: [INFO][Sync] Stopped: Sessions
2025-02-03 12:55:32.236: [INFO][Sync] Stopped: Extension settings
2025-02-03 12:55:32.236: [INFO][Sync] Stopped: History Delete Directives
2025-02-03 12:55:32.236: [INFO][Sync] Stopped: Device Info
2025-02-03 12:55:32.236: [INFO][Sync] Stopped: User Consents
2025-02-03 12:55:32.236: [INFO][Sync] Stopped: Send Tab To Self
2025-02-03 12:55:32.236: [INFO][Sync] Stopped: Web Apps
2025-02-03 12:55:32.236: [INFO][Sync] Stopped: History
2025-02-03 12:55:32.236: [INFO][Sync] Stopped: Collection
2025-02-03 12:55:32.236: [INFO][Sync] Stopped: Edge E Drop
2025-02-03 12:55:32.236: [INFO][Sync] Stopped: Edge Hub App Usage
2025-02-03 12:55:32.236: [INFO][Sync] Stopped: Edge Tab Group
2025-02-03 12:55:32.236: [INFO][Sync] Stopped: Edge Wallet
2025-02-03 12:55:32.236: [INFO][Sync] SyncState after authenticated was: NotSignedIn
2025-02-03 12:55:32.469: [INFO][Sync] Reset engine, reason: 8
2025-02-03 12:55:32.469: [INFO][Sync] Stopped: Bookmarks
2025-02-03 12:55:32.469: [INFO][Sync] Stopped: Preferences
2025-02-03 12:55:32.469: [INFO][Sync] Stopped: Passwords
2025-02-03 12:55:32.469: [INFO][Sync] Stopped: Autofill Profiles
2025-02-03 12:55:32.469: [INFO][Sync] Stopped: Autofill
2025-02-03 12:55:32.469: [INFO][Sync] Stopped: Extensions
2025-02-03 12:55:32.469: [INFO][Sync] Stopped: Sessions
2025-02-03 12:55:32.469: [INFO][Sync] Stopped: Extension settings
2025-02-03 12:55:32.469: [INFO][Sync] Stopped: History Delete Directives
2025-02-03 12:55:32.469: [INFO][Sync] Stopped: Device Info
2025-02-03 12:55:32.469: [INFO][Sync] Stopped: User Consents
2025-02-03 12:55:32.469: [INFO][Sync] Stopped: Send Tab To Self
2025-02-03 12:55:32.469: [INFO][Sync] Stopped: Web Apps
2025-02-03 12:55:32.469: [INFO][Sync] Stopped: History
2025-02-03 12:55:32.469: [INFO][Sync] Stopped: Collection
2025-02-03 12:55:32.469: [INFO][Sync] Stopped: Edge E Drop
2025-02-03 12:55:32.469: [INFO][Sync] Stopped: Edge Hub App Usage
2025-02-03 12:55:32.469: [INFO][Sync] Stopped: Edge Tab Group
2025-02-03 12:55:32.469: [INFO][Sync] Stopped: Edge Wallet
2025-02-03 12:55:36.047: [INFO][Sync] Try to start sync engine
2025-02-03 12:55:36.048: [INFO][SyncManagerImpl::NudgeForInitialDownload] Initial download nudge for Encryption Keys
2025-02-03 12:55:36.048: [INFO][SyncEngineBackend::LoadAndConnectNigoriController] Load and connect Nigori controller
2025-02-03 12:55:36.048: [INFO][SyncEngineBackend::DoInitialize] Control Types added: Encryption Keys
2025-02-03 12:55:36.048: [INFO][SyncManagerImpl::ConfigureSyncer] Types to download: Encryption Keys with reason: 3
2025-02-03 12:55:36.048: [INFO][SyncSchedulerImpl::DoConfigurationSyncCycleJob] Configure job was blocked
2025-02-03 12:55:36.098: [INFO][SyncAuthManager::SetLastAuthError] Current auth error: None
2025-02-03 12:55:36.098: [INFO][SyncAuthManager::EdgeLogTokenErrorState] Token error with: None for account type: MSA
2025-02-03 12:55:36.098: [INFO][Sync] Credentials changed for: EdgeSyncScopeNew
2025-02-03 12:55:38.120: [INFO][SyncAuthManager::SetLastAuthError] Current auth error: None
2025-02-03 12:55:38.120: [INFO][SyncAuthManager::EdgeLogTokenErrorState] Token error with: None for account type: MSA
2025-02-03 12:55:38.120: [INFO][Sync] Credentials changed for: EdgeSyncKeyDataScope
2025-02-03 12:55:38.121: [INFO][SyncEngineBackend::DoUpdateKeyDataCredentials] Update key data credentials
2025-02-03 12:55:38.121: [INFO][SyncEngineBackend::DoUpdateCredentials] Update credentials
2025-02-03 12:55:38.121: [INFO][SyncSchedulerImpl::DoConfigurationSyncCycleJob] Blocked types:  and types to download: Encryption Keys
2025-02-03 12:55:38.584: [INFO][Sync] Started DataTypeManager configuration, reason: 4
2025-02-03 12:55:38.585: [INFO][Sync] Configuring for: Bookmarks, Preferences, Passwords, Autofill Profiles, Autofill, Extensions, Sessions, Extension settings, History Delete Directives, Device Info, User Consents, Send Tab To Self, Web Apps, History, Collection, Edge E Drop, Edge Hub App Usage, Edge Tab Group, Edge Wallet, Encryption Keys, reason: 3, current state: 0
2025-02-03 12:55:38.586: [INFO][Sync] Configure, desired: Bookmarks, Preferences, Extensions, Sessions, Extension settings, History Delete Directives, Device Info, User Consents, Send Tab To Self, Web Apps, History, Collection, Edge E Drop, Edge Hub App Usage, Edge Tab Group, Edge Wallet, Encryption Keys; Allow fail: Passwords, Autofill Profiles, Autofill
2025-02-03 12:55:38.586: [INFO][Sync] Loading: Bookmarks
2025-02-03 12:55:38.586: [INFO][Sync] Loading: Preferences
2025-02-03 12:55:38.586: [INFO][Sync] Loading: Extensions
2025-02-03 12:55:38.586: [INFO][Sync] Loading: Sessions
2025-02-03 12:55:38.587: [INFO][Sync] Loading: Extension settings
2025-02-03 12:55:38.587: [INFO][Sync] Loading: History Delete Directives
2025-02-03 12:55:38.587: [INFO][Sync] Loading: Device Info
2025-02-03 12:55:38.587: [INFO][Sync] Loading: User Consents
2025-02-03 12:55:38.587: [INFO][Sync] Loading: Send Tab To Self
2025-02-03 12:55:38.587: [INFO][Sync] Loading: Web Apps
2025-02-03 12:55:38.587: [INFO][Sync] Loading: History
2025-02-03 12:55:38.587: [INFO][Sync] Loading: Collection
2025-02-03 12:55:38.587: [INFO][Sync] Loading: Edge E Drop
2025-02-03 12:55:38.587: [INFO][Sync] Loading: Edge Hub App Usage
2025-02-03 12:55:38.587: [INFO][Sync] Loading: Edge Tab Group
2025-02-03 12:55:38.587: [INFO][Sync] Loading: Edge Wallet
2025-02-03 12:55:38.591: [INFO][Sync] All data types are ready for configure.
2025-02-03 12:55:39.232: [INFO][Sync] Started DataTypeManager configuration, reason: 5
2025-02-03 12:55:39.232: [INFO][Sync] Configuring for: Bookmarks, Preferences, Passwords, Autofill Profiles, Autofill, Extensions, Sessions, Extension settings, History Delete Directives, Device Info, User Consents, Send Tab To Self, Web Apps, History, Collection, Edge E Drop, Edge Hub App Usage, Edge Tab Group, Edge Wallet, Encryption Keys, reason: 5, current state: 1
2025-02-03 12:55:39.233: [INFO][SyncEngineBackend::DoStartConfiguration] Start configuration
2025-02-03 12:55:39.233: [INFO][SyncManagerImpl::NudgeForInitialDownload] Initial download nudge for Bookmarks
2025-02-03 12:55:39.233: [INFO][SyncManagerImpl::NudgeForInitialDownload] Initial download nudge for Preferences
2025-02-03 12:55:39.233: [INFO][SyncManagerImpl::NudgeForInitialDownload] Initial download nudge for Extensions
2025-02-03 12:55:39.233: [INFO][SyncManagerImpl::NudgeForInitialDownload] Initial download nudge for Sessions
2025-02-03 12:55:39.233: [INFO][SyncManagerImpl::NudgeForInitialDownload] Initial download nudge for Extension settings
2025-02-03 12:55:39.233: [INFO][SyncManagerImpl::NudgeForInitialDownload] Initial download nudge for History Delete Directives
2025-02-03 12:55:39.233: [INFO][SyncManagerImpl::NudgeForInitialDownload] Initial download nudge for Device Info
2025-02-03 12:55:39.233: [INFO][SyncManagerImpl::NudgeForInitialDownload] Initial download nudge for Send Tab To Self
2025-02-03 12:55:39.233: [INFO][SyncManagerImpl::NudgeForInitialDownload] Initial download nudge for Web Apps
2025-02-03 12:55:39.233: [INFO][SyncManagerImpl::NudgeForInitialDownload] Initial download nudge for History
2025-02-03 12:55:39.233: [INFO][SyncManagerImpl::NudgeForInitialDownload] Initial download nudge for Collection
2025-02-03 12:55:39.233: [INFO][SyncManagerImpl::NudgeForInitialDownload] Initial download nudge for Edge E Drop
2025-02-03 12:55:39.233: [INFO][SyncManagerImpl::NudgeForInitialDownload] Initial download nudge for Edge Hub App Usage
2025-02-03 12:55:39.233: [INFO][SyncManagerImpl::NudgeForInitialDownload] Initial download nudge for Edge Tab Group
2025-02-03 12:55:39.233: [INFO][SyncManagerImpl::NudgeForInitialDownload] Initial download nudge for Edge Wallet
2025-02-03 12:55:39.233: [INFO][SyncManagerImpl::ConfigureSyncer] Types to download:  with reason: 3
2025-02-03 12:55:39.233: [INFO][SyncEngineBackend::DoFinishConfigureDataTypes] Failed to download types:  and succeeded types: 
2025-02-03 12:55:39.234: [INFO][Sync] ConfigurationDone, failed: , succeeded: , remaining count: 4
2025-02-03 12:55:39.234: [WARN][Sync]     Reconfigure requested while configuration ongoing.
2025-02-03 12:55:39.234: [INFO][Sync] Configuring for: Bookmarks, Preferences, Passwords, Autofill Profiles, Autofill, Extensions, Sessions, Extension settings, History Delete Directives, Device Info, User Consents, Send Tab To Self, Web Apps, History, Collection, Edge E Drop, Edge Hub App Usage, Edge Tab Group, Edge Wallet, Encryption Keys, reason: 5, current state: 2
2025-02-03 12:55:39.234: [INFO][Sync] Configure, desired: Bookmarks, Preferences, Passwords, Autofill Profiles, Autofill, Extensions, Sessions, Extension settings, History Delete Directives, Device Info, User Consents, Send Tab To Self, Web Apps, History, Collection, Edge E Drop, Edge Hub App Usage, Edge Tab Group, Edge Wallet, Encryption Keys; Allow fail: 
2025-02-03 12:55:39.234: [INFO][Sync] Loading: Passwords
2025-02-03 12:55:39.234: [INFO][Sync] Loading: Autofill Profiles
2025-02-03 12:55:39.234: [INFO][Sync] Loading: Autofill
2025-02-03 12:55:39.235: [INFO][Sync] All data types are ready for configure.
2025-02-03 12:55:39.235: [INFO][SyncManagerImpl::NudgeForInitialDownload] Initial download nudge for Passwords
2025-02-03 12:55:39.235: [INFO][SyncManagerImpl::NudgeForInitialDownload] Initial download nudge for Autofill Profiles
2025-02-03 12:55:39.235: [INFO][SyncManagerImpl::NudgeForInitialDownload] Initial download nudge for Autofill
2025-02-03 12:55:39.235: [INFO][SyncManagerImpl::ConfigureSyncer] Types to download:  with reason: 5
2025-02-03 12:55:39.235: [INFO][SyncEngineBackend::DoFinishConfigureDataTypes] Failed to download types:  and succeeded types: 
2025-02-03 12:55:39.235: [INFO][Sync] ConfigurationDone, failed: , succeeded: , remaining count: 4
2025-02-03 12:55:39.235: [INFO][Sync] Prepare to configure types: Preferences, Passwords, Device Info, Send Tab To Self, Edge E Drop, Encryption Keys
2025-02-03 12:55:39.235: [INFO][SyncManagerImpl::ConfigureSyncer] Types to download: Preferences, Passwords, Device Info, Send Tab To Self, Edge E Drop, Encryption Keys with reason: 5
2025-02-03 12:55:39.235: [INFO][SyncSchedulerImpl::DoConfigurationSyncCycleJob] Blocked types:  and types to download: Preferences, Passwords, Device Info, Send Tab To Self, Edge E Drop, Encryption Keys
2025-02-03 12:55:39.962: [INFO][SyncEngineBackend::DoFinishConfigureDataTypes] Failed to download types:  and succeeded types: Preferences, Passwords, Device Info, Send Tab To Self, Edge E Drop, Encryption Keys
2025-02-03 12:55:39.972: [INFO][Sync] ConfigurationDone, failed: , succeeded: Preferences, Passwords, Device Info, Send Tab To Self, Edge E Drop, Encryption Keys, remaining count: 3
2025-02-03 12:55:39.972: [INFO][Sync] Prepare to configure types: Bookmarks, Encryption Keys
2025-02-03 12:55:39.973: [INFO][SyncManagerImpl::ConfigureSyncer] Types to download: Bookmarks, Encryption Keys with reason: 5
2025-02-03 12:55:39.973: [INFO][SyncSchedulerImpl::DoConfigurationSyncCycleJob] Blocked types:  and types to download: Bookmarks, Encryption Keys
2025-02-03 12:55:40.169: [INFO][SyncEngineBackend::DoFinishConfigureDataTypes] Failed to download types:  and succeeded types: Bookmarks, Encryption Keys
2025-02-03 12:55:40.169: [INFO][Sync] ConfigurationDone, failed: , succeeded: Bookmarks, Encryption Keys, remaining count: 2
2025-02-03 12:55:40.169: [INFO][Sync] Prepare to configure types: Autofill Profiles, Autofill, Extensions, Sessions, Extension settings, History Delete Directives, Web Apps, Collection, Edge Hub App Usage, Edge Tab Group, Edge Wallet, Encryption Keys
2025-02-03 12:55:40.169: [INFO][SyncManagerImpl::ConfigureSyncer] Types to download: Autofill Profiles, Autofill, Extensions, Sessions, Extension settings, History Delete Directives, Web Apps, Collection, Edge Hub App Usage, Edge Tab Group, Edge Wallet, Encryption Keys with reason: 5
2025-02-03 12:55:40.169: [INFO][SyncSchedulerImpl::DoConfigurationSyncCycleJob] Blocked types:  and types to download: Autofill Profiles, Autofill, Extensions, Sessions, Extension settings, History Delete Directives, Web Apps, Collection, Edge Hub App Usage, Edge Tab Group, Edge Wallet, Encryption Keys
2025-02-03 12:55:46.546: [INFO][SyncEngineBackend::DoFinishConfigureDataTypes] Failed to download types:  and succeeded types: Autofill Profiles, Autofill, Extensions, Sessions, Extension settings, History Delete Directives, Web Apps, Collection, Edge Hub App Usage, Edge Tab Group, Edge Wallet, Encryption Keys
2025-02-03 12:55:46.547: [INFO][Sync] ConfigurationDone, failed: , succeeded: Autofill Profiles, Autofill, Extensions, Sessions, Extension settings, History Delete Directives, Web Apps, Collection, Edge Hub App Usage, Edge Tab Group, Edge Wallet, Encryption Keys, remaining count: 1
2025-02-03 12:55:46.548: [INFO][Sync] Prepare to configure types: History, Encryption Keys
2025-02-03 12:55:46.548: [INFO][SyncManagerImpl::ConfigureSyncer] Types to download: History, Encryption Keys with reason: 5
2025-02-03 12:55:46.548: [INFO][SyncSchedulerImpl::DoConfigurationSyncCycleJob] Blocked types:  and types to download: History, Encryption Keys
2025-02-03 12:56:09.233: [INFO][SyncEngineBackend::DoFinishConfigureDataTypes] Failed to download types:  and succeeded types: History, Encryption Keys
2025-02-03 12:56:09.249: [INFO][Sync] ConfigurationDone, failed: , succeeded: History, Encryption Keys, remaining count: 0
2025-02-03 12:56:09.259: [INFO][Sync]     Configuration completed, state: 7
2025-02-03 12:56:09.260: [INFO][Sync] Configured DataTypeManager: Ok
2025-02-03 12:56:09.271: [INFO][SyncEngineBackend::DoStartSyncing] Start syncing
2025-02-03 12:57:35.521: [INFO][Sync] SyncState after authenticated was: FeatureCanStart
2025-02-03 12:57:36.071: [INFO][Sync] Try to start sync engine
2025-02-03 12:57:36.086: [INFO][SyncManagerImpl::NudgeForInitialDownload] Initial download nudge for Encryption Keys
2025-02-03 12:57:36.086: [INFO][SyncEngineBackend::LoadAndConnectNigoriController] Load and connect Nigori controller
2025-02-03 12:57:36.086: [INFO][SyncEngineBackend::DoInitialize] Control Types added: Encryption Keys
2025-02-03 12:57:36.086: [INFO][SyncManagerImpl::ConfigureSyncer] Types to download: Encryption Keys with reason: 3
2025-02-03 12:57:36.086: [INFO][SyncSchedulerImpl::DoConfigurationSyncCycleJob] Configure job was blocked
2025-02-03 12:57:36.107: [INFO][SyncAuthManager::SetLastAuthError] Current auth error: None
2025-02-03 12:57:36.107: [INFO][SyncAuthManager::EdgeLogTokenErrorState] Token error with: None for account type: MSA
2025-02-03 12:57:36.107: [INFO][Sync] Credentials changed for: EdgeSyncScopeNew
2025-02-03 12:57:37.041: [INFO][SyncAuthManager::SetLastAuthError] Current auth error: None
2025-02-03 12:57:37.041: [INFO][SyncAuthManager::EdgeLogTokenErrorState] Token error with: None for account type: MSA
2025-02-03 12:57:37.041: [INFO][Sync] Credentials changed for: EdgeSyncKeyDataScope
2025-02-03 12:57:37.041: [INFO][SyncEngineBackend::DoUpdateKeyDataCredentials] Update key data credentials
2025-02-03 12:57:37.041: [INFO][SyncEngineBackend::DoUpdateCredentials] Update credentials
2025-02-03 12:57:37.041: [INFO][SyncSchedulerImpl::DoConfigurationSyncCycleJob] Blocked types:  and types to download: Encryption Keys
2025-02-03 12:57:37.473: [INFO][Sync] Started DataTypeManager configuration, reason: 4
2025-02-03 12:57:37.473: [INFO][Sync] Configuring for: Bookmarks, Preferences, Passwords, Autofill Profiles, Autofill, Extensions, Sessions, Extension settings, History Delete Directives, Device Info, User Consents, Send Tab To Self, Web Apps, History, Collection, Edge E Drop, Edge Hub App Usage, Edge Tab Group, Edge Wallet, Encryption Keys, reason: 4, current state: 0
2025-02-03 12:57:37.479: [INFO][Sync] Configure, desired: Bookmarks, Preferences, Extensions, Sessions, Extension settings, History Delete Directives, Device Info, User Consents, Send Tab To Self, Web Apps, History, Collection, Edge E Drop, Edge Hub App Usage, Edge Tab Group, Edge Wallet, Encryption Keys; Allow fail: Passwords, Autofill Profiles, Autofill
2025-02-03 12:57:37.479: [INFO][Sync] Loading: Bookmarks
2025-02-03 12:57:37.480: [INFO][Sync] Loading: Preferences
2025-02-03 12:57:37.480: [INFO][Sync] Loading: Extensions
2025-02-03 12:57:37.480: [INFO][Sync] Loading: Sessions
2025-02-03 12:57:37.480: [INFO][Sync] Loading: Extension settings
2025-02-03 12:57:37.480: [INFO][Sync] Loading: History Delete Directives
2025-02-03 12:57:37.480: [INFO][Sync] Loading: Device Info
2025-02-03 12:57:37.480: [INFO][Sync] Loading: User Consents
2025-02-03 12:57:37.480: [INFO][Sync] Loading: Send Tab To Self
2025-02-03 12:57:37.480: [INFO][Sync] Loading: Web Apps
2025-02-03 12:57:37.480: [INFO][Sync] Loading: History
2025-02-03 12:57:37.480: [INFO][Sync] Loading: Collection
2025-02-03 12:57:37.480: [INFO][Sync] Loading: Edge E Drop
2025-02-03 12:57:37.480: [INFO][Sync] Loading: Edge Hub App Usage
2025-02-03 12:57:37.480: [INFO][Sync] Loading: Edge Tab Group
2025-02-03 12:57:37.480: [INFO][Sync] Loading: Edge Wallet
2025-02-03 12:57:37.490: [INFO][Sync] All data types are ready for configure.
2025-02-03 12:57:38.291: [INFO][SyncEngineBackend::DoStartConfiguration] Start configuration
2025-02-03 12:57:38.291: [INFO][SyncManagerImpl::ConfigureSyncer] Types to download:  with reason: 4
2025-02-03 12:57:38.291: [INFO][SyncEngineBackend::DoFinishConfigureDataTypes] Failed to download types:  and succeeded types: 
2025-02-03 12:57:38.295: [INFO][Sync] Started DataTypeManager configuration, reason: 5
2025-02-03 12:57:38.295: [INFO][Sync] Configuring for: Bookmarks, Preferences, Passwords, Autofill Profiles, Autofill, Extensions, Sessions, Extension settings, History Delete Directives, Device Info, User Consents, Send Tab To Self, Web Apps, History, Collection, Edge E Drop, Edge Hub App Usage, Edge Tab Group, Edge Wallet, Encryption Keys, reason: 5, current state: 1
2025-02-03 12:57:38.303: [INFO][Sync] ConfigurationDone, failed: , succeeded: , remaining count: 4
2025-02-03 12:57:38.303: [WARN][Sync]     Reconfigure requested while configuration ongoing.
2025-02-03 12:57:38.303: [INFO][Sync] Configuring for: Bookmarks, Preferences, Passwords, Autofill Profiles, Autofill, Extensions, Sessions, Extension settings, History Delete Directives, Device Info, User Consents, Send Tab To Self, Web Apps, History, Collection, Edge E Drop, Edge Hub App Usage, Edge Tab Group, Edge Wallet, Encryption Keys, reason: 5, current state: 2
2025-02-03 12:57:38.303: [INFO][Sync] Configure, desired: Bookmarks, Preferences, Passwords, Autofill Profiles, Autofill, Extensions, Sessions, Extension settings, History Delete Directives, Device Info, User Consents, Send Tab To Self, Web Apps, History, Collection, Edge E Drop, Edge Hub App Usage, Edge Tab Group, Edge Wallet, Encryption Keys; Allow fail: 
2025-02-03 12:57:38.303: [INFO][Sync] Loading: Passwords
2025-02-03 12:57:38.303: [INFO][Sync] Loading: Autofill Profiles
2025-02-03 12:57:38.303: [INFO][Sync] Loading: Autofill
2025-02-03 12:57:38.304: [INFO][Sync] All data types are ready for configure.
2025-02-03 12:57:38.304: [INFO][SyncManagerImpl::NudgeForInitialDownload] Initial download nudge for Passwords
2025-02-03 12:57:38.304: [INFO][SyncManagerImpl::ConfigureSyncer] Types to download:  with reason: 5
2025-02-03 12:57:38.304: [INFO][SyncEngineBackend::DoFinishConfigureDataTypes] Failed to download types:  and succeeded types: 
2025-02-03 12:57:38.306: [INFO][Sync] ConfigurationDone, failed: , succeeded: , remaining count: 4
2025-02-03 12:57:38.306: [INFO][Sync] Prepare to configure types: Passwords, Encryption Keys
2025-02-03 12:57:38.306: [INFO][SyncManagerImpl::ConfigureSyncer] Types to download: Passwords, Encryption Keys with reason: 5
2025-02-03 12:57:38.306: [INFO][SyncSchedulerImpl::DoConfigurationSyncCycleJob] Blocked types:  and types to download: Passwords, Encryption Keys
2025-02-03 12:57:38.648: [INFO][SyncEngineBackend::DoFinishConfigureDataTypes] Failed to download types:  and succeeded types: Passwords, Encryption Keys
2025-02-03 12:57:38.656: [INFO][Sync] ConfigurationDone, failed: , succeeded: Passwords, Encryption Keys, remaining count: 3
2025-02-03 12:57:38.656: [INFO][SyncManagerImpl::ConfigureSyncer] Types to download:  with reason: 5
2025-02-03 12:57:38.656: [INFO][SyncEngineBackend::DoFinishConfigureDataTypes] Failed to download types:  and succeeded types: 
2025-02-03 12:57:38.656: [INFO][Sync] ConfigurationDone, failed: , succeeded: , remaining count: 2
2025-02-03 12:57:38.657: [INFO][SyncManagerImpl::ConfigureSyncer] Types to download:  with reason: 5
2025-02-03 12:57:38.657: [INFO][SyncEngineBackend::DoFinishConfigureDataTypes] Failed to download types:  and succeeded types: 
2025-02-03 12:57:38.658: [INFO][Sync] ConfigurationDone, failed: , succeeded: , remaining count: 1
2025-02-03 12:57:38.667: [INFO][SyncManagerImpl::ConfigureSyncer] Types to download:  with reason: 5
2025-02-03 12:57:38.667: [INFO][SyncEngineBackend::DoFinishConfigureDataTypes] Failed to download types:  and succeeded types: 
2025-02-03 12:57:38.667: [INFO][Sync] ConfigurationDone, failed: , succeeded: , remaining count: 0
2025-02-03 12:57:38.672: [INFO][Sync]     Configuration completed, state: 7
2025-02-03 12:57:38.674: [INFO][Sync] Configured DataTypeManager: Ok
2025-02-03 12:57:38.681: [INFO][SyncEngineBackend::DoStartSyncing] Start syncing
2025-02-03 12:57:52.548: [INFO][Sync] Reset engine, reason: 0
2025-02-03 12:57:52.548: [INFO][Sync] Reset engine with reason: 0
